[+] Containers:
 |- [+] Container: /Game/ElegantFighting/Maps/ThirdPersonMap
 |   |- [+] ActorDescs:
 |   |   |- Guid:0AA2D19B47BF6365FB2BBD8781120CB4 BaseClass: NativeClass:/Script/Engine.SkeletalMeshActor Name:SkeletalMeshActor_UAID_B00CD162E1E7066002_1844814942 Label:Anim_Combo16 SpatiallyLoaded:1 Bounds:IsValid=true, Min=(X=1775.446 Y=2793.002 Z=-0.004), Max=(X=1828.397 Y=2887.126 Z=174.045) RuntimeGrid:None EditorOnly:0 RuntimeOnly:0 HLODRelevant:0
 |   |   |- Guid:0E960D41412E78A0F8380F95311D4260 BaseClass: NativeClass:/Script/Engine.ExponentialHeightFog Name:ExponentialHeightFog_UAID_B00CD162E1E7855D02_1470184115 Label:ExponentialHeightFog SpatiallyLoaded:0 Bounds:IsValid=true, Min=(X=0.000 Y=0.000 Z=0.000), Max=(X=0.000 Y=0.000 Z=0.000) RuntimeGrid:None EditorOnly:0 RuntimeOnly:0 HLODRelevant:0
 |   |   |- Guid:0F07B72B4B3392840DCE4FA6A37FD904 BaseClass: NativeClass:/Script/Engine.SkeletalMeshActor Name:SkeletalMeshActor_UAID_B00CD162E1E7066002_1877992952 Label:Anim_Combo26 SpatiallyLoaded:1 Bounds:IsValid=true, Min=(X=971.598 Y=5003.001 Z=-0.006), Max=(X=1024.570 Y=5097.125 Z=174.140) RuntimeGrid:None EditorOnly:0 RuntimeOnly:0 HLODRelevant:0
 |   |   |- Guid:169404A247110C029F38D5A7AA5DD743 BaseClass: NativeClass:/Script/Engine.SkeletalMeshActor Name:SkeletalMeshActor_UAID_B00CD162E1E7066002_1862870947 Label:Anim_Combo21 SpatiallyLoaded:1 Bounds:IsValid=true, Min=(X=581.585 Y=4313.009 Z=-0.018), Max=(X=634.745 Y=4407.272 Z=174.068) RuntimeGrid:None EditorOnly:0 RuntimeOnly:0 HLODRelevant:0
 |   |   |- Guid:1960EB7E401DD8D052474D8F87B8CFD4 BaseClass: NativeClass:/Script/Engine.SkeletalMeshActor Name:SkeletalMeshActor_UAID_B00CD162E1E7066002_1867361949 Label:Anim_Combo23 SpatiallyLoaded:1 Bounds:IsValid=true, Min=(X=1365.439 Y=4302.934 Z=-0.004), Max=(X=1418.403 Y=4397.135 Z=174.137) RuntimeGrid:None EditorOnly:0 RuntimeOnly:0 HLODRelevant:0
 |   |   |- Guid:1C2C826C49B17B20A85EC084677CADEA BaseClass: NativeClass:/Script/Engine.SkeletalMeshActor Name:SkeletalMeshActor_UAID_B00CD162E1E7066002_1828489938 Label:Anim_Combo12 SpatiallyLoaded:1 Bounds:IsValid=true, Min=(X=1775.445 Y=2103.003 Z=-0.007), Max=(X=1828.398 Y=2197.127 Z=174.047) RuntimeGrid:None EditorOnly:0 RuntimeOnly:0 HLODRelevant:0
 |   |   |- Guid:20975F324AA817BB80E7A19D77F5D6BF BaseClass: NativeClass:/Script/Engine.SkeletalMeshActor Name:SkeletalMeshActor_UAID_B00CD162E1E7066002_1938452956 Label:Anim_Elbow02 SpatiallyLoaded:1 Bounds:IsValid=true, Min=(X=991.597 Y=6253.005 Z=-0.005), Max=(X=1044.557 Y=6347.123 Z=174.125) RuntimeGrid:None EditorOnly:0 RuntimeOnly:0 HLODRelevant:0
 |   |   |- Guid:22EDA1AE4134088F97AAEE98A3D727C5 BaseClass: NativeClass:/Script/Engine.SkeletalMeshActor Name:SkeletalMeshActor_UAID_B00CD162E1E7066002_1789840930 Label:Anim_Combo04 SpatiallyLoaded:1 Bounds:IsValid=true, Min=(X=1775.449 Y=513.006 Z=-0.007), Max=(X=1828.396 Y=607.127 Z=174.045) RuntimeGrid:None EditorOnly:0 RuntimeOnly:0 HLODRelevant:0
 |   |   |- Guid:2D8F066A481065967886A1873FDB55D1 BaseClass: NativeClass:/Script/Engine.SkeletalMeshActor Name:SkeletalMeshActor_UAID_B00CD162E1E7066002_1851939944 Label:Anim_Combo18 SpatiallyLoaded:1 Bounds:IsValid=true, Min=(X=985.448 Y=3603.006 Z=-0.007), Max=(X=1038.396 Y=3697.127 Z=174.045) RuntimeGrid:None EditorOnly:0 RuntimeOnly:0 HLODRelevant:0
 |   |   |- Guid:2F5D4B034BDFE9060BDD8A930D14998C BaseClass: NativeClass:/Script/Engine.SkeletalMeshActor Name:SkeletalMeshActor_UAID_B00CD162E1E7066002_1781192928 Label:Anim_Combo02 SpatiallyLoaded:1 Bounds:IsValid=true, Min=(X=975.446 Y=513.002 Z=-0.006), Max=(X=1028.397 Y=607.125 Z=174.044) RuntimeGrid:None EditorOnly:0 RuntimeOnly:0 HLODRelevant:0
 |   |   |- Guid:35CFEB0346288030D3DF84B93638D056 BaseClass: NativeClass:/Script/Engine.SkeletalMeshActor Name:SkeletalMeshActor_UAID_B00CD162E1E7066002_1855684946 Label:Anim_Combo20 SpatiallyLoaded:1 Bounds:IsValid=true, Min=(X=1781.600 Y=3593.001 Z=-0.006), Max=(X=1834.567 Y=3687.129 Z=174.140) RuntimeGrid:None EditorOnly:0 RuntimeOnly:0 HLODRelevant:0
 |   |   |- Guid:36798D7646C6E9D0AC9AC19486E05C4D BaseClass: NativeClass:/Script/Engine.SkeletalMeshActor Name:SkeletalMeshActor_UAID_B00CD162E1E7066002_1936543955 Label:Anim_Elbow01 SpatiallyLoaded:1 Bounds:IsValid=true, Min=(X=565.440 Y=6242.935 Z=-0.002), Max=(X=618.406 Y=6337.135 Z=174.129) RuntimeGrid:None EditorOnly:0 RuntimeOnly:0 HLODRelevant:0
 |   |   |- Guid:3A00AA1C422CE54C0BDB60BAF471BFBB BaseClass: NativeClass:/Script/Engine.PlayerStart Name:PlayerStart_0 Label:PlayerStart SpatiallyLoaded:0 Bounds:IsValid=true, Min=(X=860.000 Y=1070.000 Z=0.013), Max=(X=940.000 Y=1150.000 Z=184.013) RuntimeGrid:None EditorOnly:0 RuntimeOnly:0 HLODRelevant:0
 |   |   |- Guid:4302B4754CB9D007D0C6888CA24DB673 BaseClass: NativeClass:/Script/Engine.SkeletalMeshActor Name:SkeletalMeshActor_UAID_B00CD162E1E7066002_1882540954 Label:Anim_Combo28 SpatiallyLoaded:1 Bounds:IsValid=true, Min=(X=1771.600 Y=5003.003 Z=-0.006), Max=(X=1824.567 Y=5097.129 Z=174.139) RuntimeGrid:None EditorOnly:0 RuntimeOnly:0 HLODRelevant:0
 |   |   |- Guid:43A0D32F48E84CE2EB46D0B4946A91A6 BaseClass: NativeClass:/Script/Engine.VolumetricCloud Name:VolumetricCloud_UAID_B00CD162E1E7855D02_1469843114 Label:VolumetricCloud SpatiallyLoaded:0 Bounds:IsValid=true, Min=(X=0.000 Y=0.000 Z=0.000), Max=(X=0.000 Y=0.000 Z=0.000) RuntimeGrid:None EditorOnly:0 RuntimeOnly:0 HLODRelevant:0
 |   |   |- Guid:4431067C46B9E2EAF74342878C36539D BaseClass: NativeClass:/Script/Engine.SkeletalMeshActor Name:SkeletalMeshActor_UAID_B00CD162E1E7066002_1811041933 Label:Anim_Combo07 SpatiallyLoaded:1 Bounds:IsValid=true, Min=(X=1371.530 Y=1303.034 Z=-0.009), Max=(X=1424.744 Y=1397.273 Z=174.068) RuntimeGrid:None EditorOnly:0 RuntimeOnly:0 HLODRelevant:0
 |   |   |- Guid:5093A3ED4BE30F6D60D51394F8E3BE42 BaseClass: NativeClass:/Script/Engine.SkeletalMeshActor Name:SkeletalMeshActor_UAID_B00CD162E1E7066002_1808458932 Label:Anim_Combo06 SpatiallyLoaded:1 Bounds:IsValid=true, Min=(X=975.448 Y=1313.006 Z=-0.008), Max=(X=1028.395 Y=1407.127 Z=174.045) RuntimeGrid:None EditorOnly:0 RuntimeOnly:0 HLODRelevant:0
 |   |   |- Guid:5384B28E4D284134563513BCFA07D520 BaseClass: NativeClass:/Script/Engine.SkeletalMeshActor Name:SkeletalMeshActor_UAID_B00CD162E1E7066002_1837268939 Label:Anim_Combo13 SpatiallyLoaded:1 Bounds:IsValid=true, Min=(X=571.585 Y=2813.009 Z=-0.018), Max=(X=624.745 Y=2907.272 Z=174.068) RuntimeGrid:None EditorOnly:0 RuntimeOnly:0 HLODRelevant:0
 |   |   |- Guid:55B299F84D57C61AC6A46DBC913400EA BaseClass: NativeClass:/Script/Engine.SkeletalMeshActor Name:SkeletalMeshActor_UAID_B00CD162E1E7066002_1875825951 Label:Anim_Combo25 SpatiallyLoaded:1 Bounds:IsValid=true, Min=(X=575.443 Y=5002.933 Z=0.004), Max=(X=628.423 Y=5097.137 Z=174.139) RuntimeGrid:None EditorOnly:0 RuntimeOnly:0 HLODRelevant:0
 |   |   |- Guid:55F39EC644B792933EA93BB2CC9D5B58 BaseClass: NativeClass:/Script/Engine.DirectionalLight Name:DirectionalLight_UAID_B00CD162E1E7855D02_1469089112 Label:DirectionalLight SpatiallyLoaded:0 Bounds:IsValid=true, Min=(X=-4398046511104.000 Y=-4398046511104.000 Z=-4398046511104.000), Max=(X=4398046511104.000 Y=4398046511104.000 Z=4398046511104.000) RuntimeGrid:None EditorOnly:0 RuntimeOnly:0 HLODRelevant:0
 |   |   |- Guid:5745CF5E4243283A5B1E00A0B6F0B900 BaseClass: NativeClass:/Script/Engine.SkeletalMeshActor Name:SkeletalMeshActor_UAID_B00CD162E1E7066002_1870119950 Label:Anim_Combo24 SpatiallyLoaded:1 Bounds:IsValid=true, Min=(X=1781.595 Y=4303.008 Z=-0.005), Max=(X=1834.554 Y=4397.123 Z=174.134) RuntimeGrid:None EditorOnly:0 RuntimeOnly:0 HLODRelevant:0
 |   |   |- Guid:5B97F4A64FB21F77EFC44386BF705B4C BaseClass: NativeClass:/Script/Engine.TextRenderActor Name:TextRenderActor_1 Label:TextRenderActor SpatiallyLoaded:1 Bounds:IsValid=true, Min=(X=-0.100 Y=1100.000 Z=65.013), Max=(X=-0.100 Y=2392.308 Z=215.013) RuntimeGrid:None EditorOnly:0 RuntimeOnly:0 HLODRelevant:0
 |   |   |- Guid:5E1BD19241058A62FDE1C6B73B3D0FC4 BaseClass: NativeClass:/Script/Engine.SkeletalMeshActor Name:SkeletalMeshActor_UAID_B00CD162E1E7066002_1823080937 Label:Anim_Combo11 SpatiallyLoaded:1 Bounds:IsValid=true, Min=(X=1381.584 Y=2103.009 Z=-0.018), Max=(X=1434.745 Y=2197.274 Z=174.068) RuntimeGrid:None EditorOnly:0 RuntimeOnly:0 HLODRelevant:0
 |   |   |- Guid:686E44E545F1A79D383500A47F487596 BaseClass: NativeClass:/Script/Engine.SkeletalMeshActor Name:SkeletalMeshActor_UAID_B00CD162E1E7066002_1850025943 Label:Anim_Combo17 SpatiallyLoaded:1 Bounds:IsValid=true, Min=(X=571.585 Y=3603.009 Z=-0.017), Max=(X=624.745 Y=3697.273 Z=174.069) RuntimeGrid:None EditorOnly:0 RuntimeOnly:0 HLODRelevant:0
 |   |   |- Guid:695C6A3348A6216377AFF6A979B24CF2 BaseClass: NativeClass:/Script/Engine.SkeletalMeshActor Name:SkeletalMeshActor_UAID_B00CD162E1E7066002_1806303931 Label:Anim_Combo05 SpatiallyLoaded:1 Bounds:IsValid=true, Min=(X=581.521 Y=1293.032 Z=-0.006), Max=(X=634.747 Y=1387.274 Z=174.069) RuntimeGrid:None EditorOnly:0 RuntimeOnly:0 HLODRelevant:0
 |   |   |- Guid:6BAF4DDD444C60371492D3919DB42C97 BaseClass: NativeClass:/Script/Engine.WorldDataLayers Name:WorldDataLayers Label:WorldDataLayers SpatiallyLoaded:0 Bounds:IsValid=true, Min=(X=0.000 Y=0.000 Z=0.000), Max=(X=0.000 Y=0.000 Z=0.000) RuntimeGrid:None EditorOnly:0 RuntimeOnly:0 HLODRelevant:0
 |   |   |- Guid:6D88A41146DF124326B57BAF4B1ECD5B BaseClass: NativeClass:/Script/Engine.SkyAtmosphere Name:SkyAtmosphere_UAID_B00CD162E1E7855D02_1469460113 Label:SkyAtmosphere SpatiallyLoaded:0 Bounds:IsValid=true, Min=(X=0.000 Y=0.000 Z=0.000), Max=(X=0.000 Y=0.000 Z=0.000) RuntimeGrid:None EditorOnly:0 RuntimeOnly:0 HLODRelevant:0
 |   |   |- Guid:894779A149BFAFB4D9F6D29032F15F0F BaseClass: NativeClass:/Script/Engine.SkeletalMeshActor Name:SkeletalMeshActor_UAID_B00CD162E1E7066002_1853588945 Label:Anim_Combo19 SpatiallyLoaded:1 Bounds:IsValid=true, Min=(X=1365.439 Y=3602.934 Z=0.000), Max=(X=1418.434 Y=3697.120 Z=174.137) RuntimeGrid:None EditorOnly:0 RuntimeOnly:0 HLODRelevant:0
 |   |   |- Guid:954E2A574C9417C25A378799FC6D5B56 BaseClass: NativeClass:/Script/Engine.SkeletalMeshActor Name:SkeletalMeshActor_UAID_B00CD162E1E7066002_1964646957 Label:Anim_Knee01 SpatiallyLoaded:1 Bounds:IsValid=true, Min=(X=581.582 Y=6913.009 Z=-0.016), Max=(X=634.744 Y=7007.274 Z=174.069) RuntimeGrid:None EditorOnly:0 RuntimeOnly:0 HLODRelevant:0
 |   |   |- Guid:963B578E4FFD04C142FFB1868F95B0B0 BaseClass: NativeClass:/Script/Engine.SkeletalMeshActor Name:SkeletalMeshActor_UAID_B00CD162E1E7066002_1880266953 Label:Anim_Combo27 SpatiallyLoaded:1 Bounds:IsValid=true, Min=(X=1375.437 Y=5002.937 Z=-0.004), Max=(X=1428.403 Y=5097.135 Z=174.137) RuntimeGrid:None EditorOnly:0 RuntimeOnly:0 HLODRelevant:0
 |   |   |- Guid:992443154FD5C20742A72B93DDACFADF BaseClass: NativeClass:/Script/Engine.SkeletalMeshActor Name:SkeletalMeshActor_UAID_B00CD162E1E7066002_1813909934 Label:Anim_Combo08 SpatiallyLoaded:1 Bounds:IsValid=true, Min=(X=1775.449 Y=1303.006 Z=-0.007), Max=(X=1828.396 Y=1397.125 Z=174.046) RuntimeGrid:None EditorOnly:0 RuntimeOnly:0 HLODRelevant:0
 |   |   |- Guid:99CBCE3F4723E2BBB3FD50934BF84D80 BaseClass: NativeClass:/Script/Engine.SkeletalMeshActor Name:SkeletalMeshActor_UAID_B00CD162E1E7066002_1774887927 Label:Anim_Combo01 SpatiallyLoaded:1 Bounds:IsValid=true, Min=(X=571.585 Y=503.009 Z=-0.018), Max=(X=624.745 Y=597.273 Z=174.067) RuntimeGrid:None EditorOnly:0 RuntimeOnly:0 HLODRelevant:0
 |   |   |- Guid:ABA780E6408202A236C79581D3AD80C4 BaseClass: NativeClass:/Script/Engine.SkeletalMeshActor Name:SkeletalMeshActor_UAID_B00CD162E1E7066002_1818303935 Label:Anim_Combo09 SpatiallyLoaded:1 Bounds:IsValid=true, Min=(X=571.573 Y=2103.008 Z=-0.013), Max=(X=624.747 Y=2197.274 Z=174.069) RuntimeGrid:None EditorOnly:0 RuntimeOnly:0 HLODRelevant:0
 |   |   |- Guid:B1157ABE4DDCB51FC931A7A24AA5C8D9 BaseClass: NativeClass:/Script/Engine.SkeletalMeshActor Name:SkeletalMeshActor_UAID_B00CD162E1E7066002_1842250941 Label:Anim_Combo15 SpatiallyLoaded:1 Bounds:IsValid=true, Min=(X=1371.585 Y=2803.009 Z=-0.017), Max=(X=1424.745 Y=2897.272 Z=174.068) RuntimeGrid:None EditorOnly:0 RuntimeOnly:0 HLODRelevant:0
 |   |   |- Guid:BD964E6D403837000F1EBEA3ABA05B17 BaseClass: NativeClass:/Script/Engine.SkeletalMeshActor Name:SkeletalMeshActor_UAID_B00CD162E1E7066002_1820729936 Label:Anim_Combo10 SpatiallyLoaded:1 Bounds:IsValid=true, Min=(X=975.449 Y=2103.006 Z=-0.007), Max=(X=1028.396 Y=2197.125 Z=174.045) RuntimeGrid:None EditorOnly:0 RuntimeOnly:0 HLODRelevant:0
 |   |   |- Guid:C7BBB2F242DC0C07561B8EA6CDC197C3 BaseClass: NativeClass:/Script/Engine.SkeletalMeshActor Name:SkeletalMeshActor_UAID_B00CD162E1E7066002_1967536958 Label:Anim_Knee02 SpatiallyLoaded:1 Bounds:IsValid=true, Min=(X=985.447 Y=6913.001 Z=-0.004), Max=(X=1038.403 Y=7007.128 Z=174.046) RuntimeGrid:None EditorOnly:0 RuntimeOnly:0 HLODRelevant:0
 |   |   |- Guid:CE50104E465B4D302A3DCE8BB306CF1C BaseClass: NativeClass:/Script/Engine.SkeletalMeshActor Name:SkeletalMeshActor_UAID_B00CD162E1E7066002_1785616929 Label:Anim_Combo03 SpatiallyLoaded:1 Bounds:IsValid=true, Min=(X=1371.576 Y=513.008 Z=-0.013), Max=(X=1424.747 Y=607.274 Z=174.069) RuntimeGrid:None EditorOnly:0 RuntimeOnly:0 HLODRelevant:0
 |   |   |- Guid:DF69E97C4D6E405DE8A168BBA26CF4CE BaseClass: NativeClass:/Script/Engine.SkeletalMeshActor Name:SkeletalMeshActor_UAID_B00CD162E1E7066002_1839635940 Label:Anim_Combo14 SpatiallyLoaded:1 Bounds:IsValid=true, Min=(X=975.463 Y=2813.008 Z=-0.004), Max=(X=1028.406 Y=2907.120 Z=174.047) RuntimeGrid:None EditorOnly:0 RuntimeOnly:0 HLODRelevant:0
 |   |   |- Guid:E6E618FA48DC99852AAA95AEC4E9D210 BaseClass: NativeClass:/Script/Engine.SkyLight Name:SkyLight_UAID_B00CD162E1E7855D02_1468691111 Label:SkyLight SpatiallyLoaded:0 Bounds:IsValid=true, Min=(X=0.000 Y=0.000 Z=0.000), Max=(X=0.000 Y=0.000 Z=0.000) RuntimeGrid:None EditorOnly:0 RuntimeOnly:0 HLODRelevant:0
 |   |   |- Guid:E92455E0423FC58FCA34028DEF9309CC BaseClass: NativeClass:/Script/Engine.SkeletalMeshActor Name:SkeletalMeshActor_UAID_B00CD162E1E7066002_1865215948 Label:Anim_Combo22 SpatiallyLoaded:1 Bounds:IsValid=true, Min=(X=975.443 Y=4303.004 Z=-0.004), Max=(X=1028.400 Y=4397.126 Z=174.047) RuntimeGrid:None EditorOnly:0 RuntimeOnly:0 HLODRelevant:0
 |   |   |- Guid:F1924B8D48954B30891B2DB6A694F9CC BaseClass: NativeClass:/Script/Engine.StaticMeshActor Name:StaticMeshActor_1 Label:SM_Cube SpatiallyLoaded:1 Bounds:IsValid=true, Min=(X=0.000 Y=0.000 Z=-50.000), Max=(X=10000.000 Y=10000.000 Z=0.000) RuntimeGrid:None EditorOnly:0 RuntimeOnly:0 HLODRelevant:1 FolderPath:Playground FolderGuid:C73F09FC4215536B1DCE2A9E0A830C70
 |   |- [+] Clusters:
 |   |   |- [+] [  0]
 |   |   |   |- Guid:0E960D41412E78A0F8380F95311D4260 BaseClass: NativeClass:/Script/Engine.ExponentialHeightFog Name:ExponentialHeightFog_UAID_B00CD162E1E7855D02_1470184115 Label:ExponentialHeightFog SpatiallyLoaded:0 Bounds:IsValid=true, Min=(X=0.000 Y=0.000 Z=0.000), Max=(X=0.000 Y=0.000 Z=0.000) RuntimeGrid:None EditorOnly:0 RuntimeOnly:0 HLODRelevant:0
 |   |   |- [+] [  1]
 |   |   |   |- Guid:F1924B8D48954B30891B2DB6A694F9CC BaseClass: NativeClass:/Script/Engine.StaticMeshActor Name:StaticMeshActor_1 Label:SM_Cube SpatiallyLoaded:1 Bounds:IsValid=true, Min=(X=0.000 Y=0.000 Z=-50.000), Max=(X=10000.000 Y=10000.000 Z=0.000) RuntimeGrid:None EditorOnly:0 RuntimeOnly:0 HLODRelevant:1 FolderPath:Playground FolderGuid:C73F09FC4215536B1DCE2A9E0A830C70
 |   |   |- [+] [  2]
 |   |   |   |- Guid:5B97F4A64FB21F77EFC44386BF705B4C BaseClass: NativeClass:/Script/Engine.TextRenderActor Name:TextRenderActor_1 Label:TextRenderActor SpatiallyLoaded:1 Bounds:IsValid=true, Min=(X=-0.100 Y=1100.000 Z=65.013), Max=(X=-0.100 Y=2392.308 Z=215.013) RuntimeGrid:None EditorOnly:0 RuntimeOnly:0 HLODRelevant:0
 |   |   |- [+] [  3]
 |   |   |   |- Guid:3A00AA1C422CE54C0BDB60BAF471BFBB BaseClass: NativeClass:/Script/Engine.PlayerStart Name:PlayerStart_0 Label:PlayerStart SpatiallyLoaded:0 Bounds:IsValid=true, Min=(X=860.000 Y=1070.000 Z=0.013), Max=(X=940.000 Y=1150.000 Z=184.013) RuntimeGrid:None EditorOnly:0 RuntimeOnly:0 HLODRelevant:0
 |   |   |- [+] [  4]
 |   |   |   |- Guid:43A0D32F48E84CE2EB46D0B4946A91A6 BaseClass: NativeClass:/Script/Engine.VolumetricCloud Name:VolumetricCloud_UAID_B00CD162E1E7855D02_1469843114 Label:VolumetricCloud SpatiallyLoaded:0 Bounds:IsValid=true, Min=(X=0.000 Y=0.000 Z=0.000), Max=(X=0.000 Y=0.000 Z=0.000) RuntimeGrid:None EditorOnly:0 RuntimeOnly:0 HLODRelevant:0
 |   |   |- [+] [  5]
 |   |   |   |- Guid:6D88A41146DF124326B57BAF4B1ECD5B BaseClass: NativeClass:/Script/Engine.SkyAtmosphere Name:SkyAtmosphere_UAID_B00CD162E1E7855D02_1469460113 Label:SkyAtmosphere SpatiallyLoaded:0 Bounds:IsValid=true, Min=(X=0.000 Y=0.000 Z=0.000), Max=(X=0.000 Y=0.000 Z=0.000) RuntimeGrid:None EditorOnly:0 RuntimeOnly:0 HLODRelevant:0
 |   |   |- [+] [  6]
 |   |   |   |- Guid:55F39EC644B792933EA93BB2CC9D5B58 BaseClass: NativeClass:/Script/Engine.DirectionalLight Name:DirectionalLight_UAID_B00CD162E1E7855D02_1469089112 Label:DirectionalLight SpatiallyLoaded:0 Bounds:IsValid=true, Min=(X=-4398046511104.000 Y=-4398046511104.000 Z=-4398046511104.000), Max=(X=4398046511104.000 Y=4398046511104.000 Z=4398046511104.000) RuntimeGrid:None EditorOnly:0 RuntimeOnly:0 HLODRelevant:0
 |   |   |- [+] [  7]
 |   |   |   |- Guid:6BAF4DDD444C60371492D3919DB42C97 BaseClass: NativeClass:/Script/Engine.WorldDataLayers Name:WorldDataLayers Label:WorldDataLayers SpatiallyLoaded:0 Bounds:IsValid=true, Min=(X=0.000 Y=0.000 Z=0.000), Max=(X=0.000 Y=0.000 Z=0.000) RuntimeGrid:None EditorOnly:0 RuntimeOnly:0 HLODRelevant:0
 |   |   |- [+] [  8]
 |   |   |   |- Guid:E6E618FA48DC99852AAA95AEC4E9D210 BaseClass: NativeClass:/Script/Engine.SkyLight Name:SkyLight_UAID_B00CD162E1E7855D02_1468691111 Label:SkyLight SpatiallyLoaded:0 Bounds:IsValid=true, Min=(X=0.000 Y=0.000 Z=0.000), Max=(X=0.000 Y=0.000 Z=0.000) RuntimeGrid:None EditorOnly:0 RuntimeOnly:0 HLODRelevant:0
 |   |   |- [+] [  9]
 |   |   |   |- Guid:99CBCE3F4723E2BBB3FD50934BF84D80 BaseClass: NativeClass:/Script/Engine.SkeletalMeshActor Name:SkeletalMeshActor_UAID_B00CD162E1E7066002_1774887927 Label:Anim_Combo01 SpatiallyLoaded:1 Bounds:IsValid=true, Min=(X=571.585 Y=503.009 Z=-0.018), Max=(X=624.745 Y=597.273 Z=174.067) RuntimeGrid:None EditorOnly:0 RuntimeOnly:0 HLODRelevant:0
 |   |   |- [+] [ 10]
 |   |   |   |- Guid:2F5D4B034BDFE9060BDD8A930D14998C BaseClass: NativeClass:/Script/Engine.SkeletalMeshActor Name:SkeletalMeshActor_UAID_B00CD162E1E7066002_1781192928 Label:Anim_Combo02 SpatiallyLoaded:1 Bounds:IsValid=true, Min=(X=975.446 Y=513.002 Z=-0.006), Max=(X=1028.397 Y=607.125 Z=174.044) RuntimeGrid:None EditorOnly:0 RuntimeOnly:0 HLODRelevant:0
 |   |   |- [+] [ 11]
 |   |   |   |- Guid:CE50104E465B4D302A3DCE8BB306CF1C BaseClass: NativeClass:/Script/Engine.SkeletalMeshActor Name:SkeletalMeshActor_UAID_B00CD162E1E7066002_1785616929 Label:Anim_Combo03 SpatiallyLoaded:1 Bounds:IsValid=true, Min=(X=1371.576 Y=513.008 Z=-0.013), Max=(X=1424.747 Y=607.274 Z=174.069) RuntimeGrid:None EditorOnly:0 RuntimeOnly:0 HLODRelevant:0
 |   |   |- [+] [ 12]
 |   |   |   |- Guid:22EDA1AE4134088F97AAEE98A3D727C5 BaseClass: NativeClass:/Script/Engine.SkeletalMeshActor Name:SkeletalMeshActor_UAID_B00CD162E1E7066002_1789840930 Label:Anim_Combo04 SpatiallyLoaded:1 Bounds:IsValid=true, Min=(X=1775.449 Y=513.006 Z=-0.007), Max=(X=1828.396 Y=607.127 Z=174.045) RuntimeGrid:None EditorOnly:0 RuntimeOnly:0 HLODRelevant:0
 |   |   |- [+] [ 13]
 |   |   |   |- Guid:695C6A3348A6216377AFF6A979B24CF2 BaseClass: NativeClass:/Script/Engine.SkeletalMeshActor Name:SkeletalMeshActor_UAID_B00CD162E1E7066002_1806303931 Label:Anim_Combo05 SpatiallyLoaded:1 Bounds:IsValid=true, Min=(X=581.521 Y=1293.032 Z=-0.006), Max=(X=634.747 Y=1387.274 Z=174.069) RuntimeGrid:None EditorOnly:0 RuntimeOnly:0 HLODRelevant:0
 |   |   |- [+] [ 14]
 |   |   |   |- Guid:5093A3ED4BE30F6D60D51394F8E3BE42 BaseClass: NativeClass:/Script/Engine.SkeletalMeshActor Name:SkeletalMeshActor_UAID_B00CD162E1E7066002_1808458932 Label:Anim_Combo06 SpatiallyLoaded:1 Bounds:IsValid=true, Min=(X=975.448 Y=1313.006 Z=-0.008), Max=(X=1028.395 Y=1407.127 Z=174.045) RuntimeGrid:None EditorOnly:0 RuntimeOnly:0 HLODRelevant:0
 |   |   |- [+] [ 15]
 |   |   |   |- Guid:4431067C46B9E2EAF74342878C36539D BaseClass: NativeClass:/Script/Engine.SkeletalMeshActor Name:SkeletalMeshActor_UAID_B00CD162E1E7066002_1811041933 Label:Anim_Combo07 SpatiallyLoaded:1 Bounds:IsValid=true, Min=(X=1371.530 Y=1303.034 Z=-0.009), Max=(X=1424.744 Y=1397.273 Z=174.068) RuntimeGrid:None EditorOnly:0 RuntimeOnly:0 HLODRelevant:0
 |   |   |- [+] [ 16]
 |   |   |   |- Guid:992443154FD5C20742A72B93DDACFADF BaseClass: NativeClass:/Script/Engine.SkeletalMeshActor Name:SkeletalMeshActor_UAID_B00CD162E1E7066002_1813909934 Label:Anim_Combo08 SpatiallyLoaded:1 Bounds:IsValid=true, Min=(X=1775.449 Y=1303.006 Z=-0.007), Max=(X=1828.396 Y=1397.125 Z=174.046) RuntimeGrid:None EditorOnly:0 RuntimeOnly:0 HLODRelevant:0
 |   |   |- [+] [ 17]
 |   |   |   |- Guid:ABA780E6408202A236C79581D3AD80C4 BaseClass: NativeClass:/Script/Engine.SkeletalMeshActor Name:SkeletalMeshActor_UAID_B00CD162E1E7066002_1818303935 Label:Anim_Combo09 SpatiallyLoaded:1 Bounds:IsValid=true, Min=(X=571.573 Y=2103.008 Z=-0.013), Max=(X=624.747 Y=2197.274 Z=174.069) RuntimeGrid:None EditorOnly:0 RuntimeOnly:0 HLODRelevant:0
 |   |   |- [+] [ 18]
 |   |   |   |- Guid:BD964E6D403837000F1EBEA3ABA05B17 BaseClass: NativeClass:/Script/Engine.SkeletalMeshActor Name:SkeletalMeshActor_UAID_B00CD162E1E7066002_1820729936 Label:Anim_Combo10 SpatiallyLoaded:1 Bounds:IsValid=true, Min=(X=975.449 Y=2103.006 Z=-0.007), Max=(X=1028.396 Y=2197.125 Z=174.045) RuntimeGrid:None EditorOnly:0 RuntimeOnly:0 HLODRelevant:0
 |   |   |- [+] [ 19]
 |   |   |   |- Guid:5E1BD19241058A62FDE1C6B73B3D0FC4 BaseClass: NativeClass:/Script/Engine.SkeletalMeshActor Name:SkeletalMeshActor_UAID_B00CD162E1E7066002_1823080937 Label:Anim_Combo11 SpatiallyLoaded:1 Bounds:IsValid=true, Min=(X=1381.584 Y=2103.009 Z=-0.018), Max=(X=1434.745 Y=2197.274 Z=174.068) RuntimeGrid:None EditorOnly:0 RuntimeOnly:0 HLODRelevant:0
 |   |   |- [+] [ 20]
 |   |   |   |- Guid:1C2C826C49B17B20A85EC084677CADEA BaseClass: NativeClass:/Script/Engine.SkeletalMeshActor Name:SkeletalMeshActor_UAID_B00CD162E1E7066002_1828489938 Label:Anim_Combo12 SpatiallyLoaded:1 Bounds:IsValid=true, Min=(X=1775.445 Y=2103.003 Z=-0.007), Max=(X=1828.398 Y=2197.127 Z=174.047) RuntimeGrid:None EditorOnly:0 RuntimeOnly:0 HLODRelevant:0
 |   |   |- [+] [ 21]
 |   |   |   |- Guid:5384B28E4D284134563513BCFA07D520 BaseClass: NativeClass:/Script/Engine.SkeletalMeshActor Name:SkeletalMeshActor_UAID_B00CD162E1E7066002_1837268939 Label:Anim_Combo13 SpatiallyLoaded:1 Bounds:IsValid=true, Min=(X=571.585 Y=2813.009 Z=-0.018), Max=(X=624.745 Y=2907.272 Z=174.068) RuntimeGrid:None EditorOnly:0 RuntimeOnly:0 HLODRelevant:0
 |   |   |- [+] [ 22]
 |   |   |   |- Guid:DF69E97C4D6E405DE8A168BBA26CF4CE BaseClass: NativeClass:/Script/Engine.SkeletalMeshActor Name:SkeletalMeshActor_UAID_B00CD162E1E7066002_1839635940 Label:Anim_Combo14 SpatiallyLoaded:1 Bounds:IsValid=true, Min=(X=975.463 Y=2813.008 Z=-0.004), Max=(X=1028.406 Y=2907.120 Z=174.047) RuntimeGrid:None EditorOnly:0 RuntimeOnly:0 HLODRelevant:0
 |   |   |- [+] [ 23]
 |   |   |   |- Guid:B1157ABE4DDCB51FC931A7A24AA5C8D9 BaseClass: NativeClass:/Script/Engine.SkeletalMeshActor Name:SkeletalMeshActor_UAID_B00CD162E1E7066002_1842250941 Label:Anim_Combo15 SpatiallyLoaded:1 Bounds:IsValid=true, Min=(X=1371.585 Y=2803.009 Z=-0.017), Max=(X=1424.745 Y=2897.272 Z=174.068) RuntimeGrid:None EditorOnly:0 RuntimeOnly:0 HLODRelevant:0
 |   |   |- [+] [ 24]
 |   |   |   |- Guid:0AA2D19B47BF6365FB2BBD8781120CB4 BaseClass: NativeClass:/Script/Engine.SkeletalMeshActor Name:SkeletalMeshActor_UAID_B00CD162E1E7066002_1844814942 Label:Anim_Combo16 SpatiallyLoaded:1 Bounds:IsValid=true, Min=(X=1775.446 Y=2793.002 Z=-0.004), Max=(X=1828.397 Y=2887.126 Z=174.045) RuntimeGrid:None EditorOnly:0 RuntimeOnly:0 HLODRelevant:0
 |   |   |- [+] [ 25]
 |   |   |   |- Guid:686E44E545F1A79D383500A47F487596 BaseClass: NativeClass:/Script/Engine.SkeletalMeshActor Name:SkeletalMeshActor_UAID_B00CD162E1E7066002_1850025943 Label:Anim_Combo17 SpatiallyLoaded:1 Bounds:IsValid=true, Min=(X=571.585 Y=3603.009 Z=-0.017), Max=(X=624.745 Y=3697.273 Z=174.069) RuntimeGrid:None EditorOnly:0 RuntimeOnly:0 HLODRelevant:0
 |   |   |- [+] [ 26]
 |   |   |   |- Guid:2D8F066A481065967886A1873FDB55D1 BaseClass: NativeClass:/Script/Engine.SkeletalMeshActor Name:SkeletalMeshActor_UAID_B00CD162E1E7066002_1851939944 Label:Anim_Combo18 SpatiallyLoaded:1 Bounds:IsValid=true, Min=(X=985.448 Y=3603.006 Z=-0.007), Max=(X=1038.396 Y=3697.127 Z=174.045) RuntimeGrid:None EditorOnly:0 RuntimeOnly:0 HLODRelevant:0
 |   |   |- [+] [ 27]
 |   |   |   |- Guid:894779A149BFAFB4D9F6D29032F15F0F BaseClass: NativeClass:/Script/Engine.SkeletalMeshActor Name:SkeletalMeshActor_UAID_B00CD162E1E7066002_1853588945 Label:Anim_Combo19 SpatiallyLoaded:1 Bounds:IsValid=true, Min=(X=1365.439 Y=3602.934 Z=0.000), Max=(X=1418.434 Y=3697.120 Z=174.137) RuntimeGrid:None EditorOnly:0 RuntimeOnly:0 HLODRelevant:0
 |   |   |- [+] [ 28]
 |   |   |   |- Guid:35CFEB0346288030D3DF84B93638D056 BaseClass: NativeClass:/Script/Engine.SkeletalMeshActor Name:SkeletalMeshActor_UAID_B00CD162E1E7066002_1855684946 Label:Anim_Combo20 SpatiallyLoaded:1 Bounds:IsValid=true, Min=(X=1781.600 Y=3593.001 Z=-0.006), Max=(X=1834.567 Y=3687.129 Z=174.140) RuntimeGrid:None EditorOnly:0 RuntimeOnly:0 HLODRelevant:0
 |   |   |- [+] [ 29]
 |   |   |   |- Guid:169404A247110C029F38D5A7AA5DD743 BaseClass: NativeClass:/Script/Engine.SkeletalMeshActor Name:SkeletalMeshActor_UAID_B00CD162E1E7066002_1862870947 Label:Anim_Combo21 SpatiallyLoaded:1 Bounds:IsValid=true, Min=(X=581.585 Y=4313.009 Z=-0.018), Max=(X=634.745 Y=4407.272 Z=174.068) RuntimeGrid:None EditorOnly:0 RuntimeOnly:0 HLODRelevant:0
 |   |   |- [+] [ 30]
 |   |   |   |- Guid:E92455E0423FC58FCA34028DEF9309CC BaseClass: NativeClass:/Script/Engine.SkeletalMeshActor Name:SkeletalMeshActor_UAID_B00CD162E1E7066002_1865215948 Label:Anim_Combo22 SpatiallyLoaded:1 Bounds:IsValid=true, Min=(X=975.443 Y=4303.004 Z=-0.004), Max=(X=1028.400 Y=4397.126 Z=174.047) RuntimeGrid:None EditorOnly:0 RuntimeOnly:0 HLODRelevant:0
 |   |   |- [+] [ 31]
 |   |   |   |- Guid:1960EB7E401DD8D052474D8F87B8CFD4 BaseClass: NativeClass:/Script/Engine.SkeletalMeshActor Name:SkeletalMeshActor_UAID_B00CD162E1E7066002_1867361949 Label:Anim_Combo23 SpatiallyLoaded:1 Bounds:IsValid=true, Min=(X=1365.439 Y=4302.934 Z=-0.004), Max=(X=1418.403 Y=4397.135 Z=174.137) RuntimeGrid:None EditorOnly:0 RuntimeOnly:0 HLODRelevant:0
 |   |   |- [+] [ 32]
 |   |   |   |- Guid:5745CF5E4243283A5B1E00A0B6F0B900 BaseClass: NativeClass:/Script/Engine.SkeletalMeshActor Name:SkeletalMeshActor_UAID_B00CD162E1E7066002_1870119950 Label:Anim_Combo24 SpatiallyLoaded:1 Bounds:IsValid=true, Min=(X=1781.595 Y=4303.008 Z=-0.005), Max=(X=1834.554 Y=4397.123 Z=174.134) RuntimeGrid:None EditorOnly:0 RuntimeOnly:0 HLODRelevant:0
 |   |   |- [+] [ 33]
 |   |   |   |- Guid:55B299F84D57C61AC6A46DBC913400EA BaseClass: NativeClass:/Script/Engine.SkeletalMeshActor Name:SkeletalMeshActor_UAID_B00CD162E1E7066002_1875825951 Label:Anim_Combo25 SpatiallyLoaded:1 Bounds:IsValid=true, Min=(X=575.443 Y=5002.933 Z=0.004), Max=(X=628.423 Y=5097.137 Z=174.139) RuntimeGrid:None EditorOnly:0 RuntimeOnly:0 HLODRelevant:0
 |   |   |- [+] [ 34]
 |   |   |   |- Guid:0F07B72B4B3392840DCE4FA6A37FD904 BaseClass: NativeClass:/Script/Engine.SkeletalMeshActor Name:SkeletalMeshActor_UAID_B00CD162E1E7066002_1877992952 Label:Anim_Combo26 SpatiallyLoaded:1 Bounds:IsValid=true, Min=(X=971.598 Y=5003.001 Z=-0.006), Max=(X=1024.570 Y=5097.125 Z=174.140) RuntimeGrid:None EditorOnly:0 RuntimeOnly:0 HLODRelevant:0
 |   |   |- [+] [ 35]
 |   |   |   |- Guid:963B578E4FFD04C142FFB1868F95B0B0 BaseClass: NativeClass:/Script/Engine.SkeletalMeshActor Name:SkeletalMeshActor_UAID_B00CD162E1E7066002_1880266953 Label:Anim_Combo27 SpatiallyLoaded:1 Bounds:IsValid=true, Min=(X=1375.437 Y=5002.937 Z=-0.004), Max=(X=1428.403 Y=5097.135 Z=174.137) RuntimeGrid:None EditorOnly:0 RuntimeOnly:0 HLODRelevant:0
 |   |   |- [+] [ 36]
 |   |   |   |- Guid:4302B4754CB9D007D0C6888CA24DB673 BaseClass: NativeClass:/Script/Engine.SkeletalMeshActor Name:SkeletalMeshActor_UAID_B00CD162E1E7066002_1882540954 Label:Anim_Combo28 SpatiallyLoaded:1 Bounds:IsValid=true, Min=(X=1771.600 Y=5003.003 Z=-0.006), Max=(X=1824.567 Y=5097.129 Z=174.139) RuntimeGrid:None EditorOnly:0 RuntimeOnly:0 HLODRelevant:0
 |   |   |- [+] [ 37]
 |   |   |   |- Guid:36798D7646C6E9D0AC9AC19486E05C4D BaseClass: NativeClass:/Script/Engine.SkeletalMeshActor Name:SkeletalMeshActor_UAID_B00CD162E1E7066002_1936543955 Label:Anim_Elbow01 SpatiallyLoaded:1 Bounds:IsValid=true, Min=(X=565.440 Y=6242.935 Z=-0.002), Max=(X=618.406 Y=6337.135 Z=174.129) RuntimeGrid:None EditorOnly:0 RuntimeOnly:0 HLODRelevant:0
 |   |   |- [+] [ 38]
 |   |   |   |- Guid:20975F324AA817BB80E7A19D77F5D6BF BaseClass: NativeClass:/Script/Engine.SkeletalMeshActor Name:SkeletalMeshActor_UAID_B00CD162E1E7066002_1938452956 Label:Anim_Elbow02 SpatiallyLoaded:1 Bounds:IsValid=true, Min=(X=991.597 Y=6253.005 Z=-0.005), Max=(X=1044.557 Y=6347.123 Z=174.125) RuntimeGrid:None EditorOnly:0 RuntimeOnly:0 HLODRelevant:0
 |   |   |- [+] [ 39]
 |   |   |   |- Guid:954E2A574C9417C25A378799FC6D5B56 BaseClass: NativeClass:/Script/Engine.SkeletalMeshActor Name:SkeletalMeshActor_UAID_B00CD162E1E7066002_1964646957 Label:Anim_Knee01 SpatiallyLoaded:1 Bounds:IsValid=true, Min=(X=581.582 Y=6913.009 Z=-0.016), Max=(X=634.744 Y=7007.274 Z=174.069) RuntimeGrid:None EditorOnly:0 RuntimeOnly:0 HLODRelevant:0
 |   |   |- [+] [ 40]
 |   |   |   |- Guid:C7BBB2F242DC0C07561B8EA6CDC197C3 BaseClass: NativeClass:/Script/Engine.SkeletalMeshActor Name:SkeletalMeshActor_UAID_B00CD162E1E7066002_1967536958 Label:Anim_Knee02 SpatiallyLoaded:1 Bounds:IsValid=true, Min=(X=985.447 Y=6913.001 Z=-0.004), Max=(X=1038.403 Y=7007.128 Z=174.046) RuntimeGrid:None EditorOnly:0 RuntimeOnly:0 HLODRelevant:0
 |- ContainerInstances:
 |- [+] MainContainer:
 |   |-        ID: 0x0000000000000000
 |   |-    Bounds: IsValid=false, Min=(X=0.000 Y=0.000 Z=0.000), Max=(X=0.000 Y=0.000 Z=0.000)
 |   |- Transform: 0.000000,0.000000,0.000000|0.000000,0.000000,-0.000000|1.000000,1.000000,1.000000
 |   |- Container: /Game/ElegantFighting/Maps/ThirdPersonMap
----------------------------------------------------------------------------------------------------------------
ThirdPersonMap - Persistent Level
----------------------------------------------------------------------------------------------------------------
Always loaded Actor Count: 80 

----------------------------------------------------------------------------------------------------------------
ThirdPersonMap - Runtime Spatial Hash - Streaming Grid - MainGrid
----------------------------------------------------------------------------------------------------------------
            Origin: X=0.000 Y=0.000 Z=0.000
         Cell Size: 12800
      World Bounds: IsValid=false, Min=(X=0.000 Y=0.000 Z=0.000), Max=(X=0.000 Y=0.000 Z=0.000)
     Loading Range: 25600.00
Block Slow Loading: No
 ClientOnlyVisible: No

[+] Grid Levels: 1
 |- Level  0: Cell Count    0 | Cell Size   12800 | Actor Count    0 (0.0%)

[+] Content of Grid Level 0

