[+] Containers:
 |- [+] Container: /Game/ElegantFighting/Maps/ThirdPersonMap
 |   |- [+] ActorDescs:
 |   |   |- Guid:03EA0B6B459A2B41793A16AEA9A02F49 BaseClass: NativeClass:/Script/Engine.SkeletalMeshActor Name:SkeletalMeshActor_UAID_B00CD162E1E7066002_2087915978 Label:Anim_Kick16 SpatiallyLoaded:1 Bounds:IsValid=true, Min=(X=4175.449 Y=1733.006 Z=-0.007), Max=(X=4228.396 Y=1827.127 Z=174.045) RuntimeGrid:None EditorOnly:0 RuntimeOnly:0 HLODRelevant:0
 |   |   |- Guid:08650B3C45218B938B54BFBFB1D44FA6 BaseClass: NativeClass:/Script/Engine.SkeletalMeshActor Name:SkeletalMeshActor_UAID_B00CD162E1E7066002_2085273977 Label:Anim_Kick15 SpatiallyLoaded:1 Bounds:IsValid=true, Min=(X=3771.573 Y=1723.007 Z=-0.012), Max=(X=3824.748 Y=1817.274 Z=174.069) RuntimeGrid:None EditorOnly:0 RuntimeOnly:0 HLODRelevant:0
 |   |   |- Guid:096CC18C45EF7E788A8176AFA8E6F6A9 BaseClass: NativeClass:/Script/Engine.SkeletalMeshActor Name:SkeletalMeshActor_UAID_B00CD162E1E7066002_2111748982 Label:Anim_Kick20 SpatiallyLoaded:1 Bounds:IsValid=true, Min=(X=3395.450 Y=2413.010 Z=-0.009), Max=(X=3448.396 Y=2507.128 Z=174.048) RuntimeGrid:None EditorOnly:0 RuntimeOnly:0 HLODRelevant:0
 |   |   |- Guid:0AA2D19B47BF6365FB2BBD8781120CB4 BaseClass: NativeClass:/Script/Engine.SkeletalMeshActor Name:SkeletalMeshActor_UAID_B00CD162E1E7066002_1844814942 Label:Anim_Combo16 SpatiallyLoaded:1 Bounds:IsValid=true, Min=(X=1775.446 Y=2793.002 Z=-0.004), Max=(X=1828.397 Y=2887.126 Z=174.045) RuntimeGrid:None EditorOnly:0 RuntimeOnly:0 HLODRelevant:0
 |   |   |- Guid:0E960D41412E78A0F8380F95311D4260 BaseClass: NativeClass:/Script/Engine.ExponentialHeightFog Name:ExponentialHeightFog_UAID_B00CD162E1E7855D02_1470184115 Label:ExponentialHeightFog SpatiallyLoaded:0 Bounds:IsValid=true, Min=(X=0.000 Y=0.000 Z=0.000), Max=(X=0.000 Y=0.000 Z=0.000) RuntimeGrid:None EditorOnly:0 RuntimeOnly:0 HLODRelevant:0
 |   |   |- Guid:0EBC52B34F4497B1EF5922AA15DD9762 BaseClass: NativeClass:/Script/Engine.SkeletalMeshActor Name:SkeletalMeshActor_UAID_B00CD162E1E7076002_1157680182 Label:Anim_Kick44 SpatiallyLoaded:1 Bounds:IsValid=true, Min=(X=3391.601 Y=5013.001 Z=-0.006), Max=(X=3444.566 Y=5107.126 Z=174.139) RuntimeGrid:None EditorOnly:0 RuntimeOnly:0 HLODRelevant:0
 |   |   |- Guid:0F07B72B4B3392840DCE4FA6A37FD904 BaseClass: NativeClass:/Script/Engine.SkeletalMeshActor Name:SkeletalMeshActor_UAID_B00CD162E1E7066002_1877992952 Label:Anim_Combo26 SpatiallyLoaded:1 Bounds:IsValid=true, Min=(X=971.598 Y=5003.001 Z=-0.006), Max=(X=1024.570 Y=5097.125 Z=174.140) RuntimeGrid:None EditorOnly:0 RuntimeOnly:0 HLODRelevant:0
 |   |   |- Guid:11A37005489041B095BFD281F9BDFAE0 BaseClass: NativeClass:/Script/Engine.SkeletalMeshActor Name:SkeletalMeshActor_UAID_B00CD162E1E7066002_2118715985 Label:Anim_Kick23 SpatiallyLoaded:1 Bounds:IsValid=true, Min=(X=4571.584 Y=2413.009 Z=-0.017), Max=(X=4624.745 Y=2507.273 Z=174.068) RuntimeGrid:None EditorOnly:0 RuntimeOnly:0 HLODRelevant:0
 |   |   |- Guid:120C23D042BAF47BC687DC9C91CFB004 BaseClass: NativeClass:/Script/Engine.SkeletalMeshActor Name:SkeletalMeshActor_UAID_B00CD162E1E7076002_1079271168 Label:Anim_Kick30 SpatiallyLoaded:1 Bounds:IsValid=true, Min=(X=4981.973 Y=3102.782 Z=-0.008), Max=(X=5034.957 Y=3196.914 Z=174.146) RuntimeGrid:None EditorOnly:0 RuntimeOnly:0 HLODRelevant:0
 |   |   |- Guid:14C6BB19468B80CD92948FB0BD207DFA BaseClass: NativeClass:/Script/Engine.SkeletalMeshActor Name:SkeletalMeshActor_UAID_B00CD162E1E7076002_1112509174 Label:Anim_Kick36 SpatiallyLoaded:1 Bounds:IsValid=true, Min=(X=4985.447 Y=3723.002 Z=-0.005), Max=(X=5038.397 Y=3817.125 Z=174.046) RuntimeGrid:None EditorOnly:0 RuntimeOnly:0 HLODRelevant:0
 |   |   |- Guid:169404A247110C029F38D5A7AA5DD743 BaseClass: NativeClass:/Script/Engine.SkeletalMeshActor Name:SkeletalMeshActor_UAID_B00CD162E1E7066002_1862870947 Label:Anim_Combo21 SpatiallyLoaded:1 Bounds:IsValid=true, Min=(X=581.585 Y=4313.009 Z=-0.018), Max=(X=634.745 Y=4407.272 Z=174.068) RuntimeGrid:None EditorOnly:0 RuntimeOnly:0 HLODRelevant:0
 |   |   |- Guid:16A8E2E74A91526D82B218BBE711E50F BaseClass: NativeClass:/Script/Engine.SkeletalMeshActor Name:SkeletalMeshActor_UAID_B00CD162E1E7076002_1159973183 Label:Anim_Kick45 SpatiallyLoaded:1 Bounds:IsValid=true, Min=(X=3771.576 Y=5013.007 Z=-0.014), Max=(X=3824.746 Y=5107.277 Z=174.069) RuntimeGrid:None EditorOnly:0 RuntimeOnly:0 HLODRelevant:0
 |   |   |- Guid:16DFD29049C611AF1077D49B606D4DE0 BaseClass: NativeClass:/Script/Engine.SkeletalMeshActor Name:SkeletalMeshActor_UAID_B00CD162E1E7076002_1165981185 Label:Anim_Kick47 SpatiallyLoaded:1 Bounds:IsValid=true, Min=(X=4571.521 Y=5013.032 Z=-0.005), Max=(X=4624.747 Y=5107.275 Z=174.069) RuntimeGrid:None EditorOnly:0 RuntimeOnly:0 HLODRelevant:0
 |   |   |- Guid:187EBE374B41441A0E8AB6A6D441D1C5 BaseClass: NativeClass:/Script/Engine.SkeletalMeshActor Name:SkeletalMeshActor_UAID_B00CD162E1E7066002_2061326973 Label:Anim_Kick11 SpatiallyLoaded:1 Bounds:IsValid=true, Min=(X=4581.527 Y=1103.034 Z=-0.009), Max=(X=4634.744 Y=1197.274 Z=174.069) RuntimeGrid:None EditorOnly:0 RuntimeOnly:0 HLODRelevant:0
 |   |   |- Guid:1960EB7E401DD8D052474D8F87B8CFD4 BaseClass: NativeClass:/Script/Engine.SkeletalMeshActor Name:SkeletalMeshActor_UAID_B00CD162E1E7066002_1867361949 Label:Anim_Combo23 SpatiallyLoaded:1 Bounds:IsValid=true, Min=(X=1365.439 Y=4302.934 Z=-0.004), Max=(X=1418.403 Y=4397.135 Z=174.137) RuntimeGrid:None EditorOnly:0 RuntimeOnly:0 HLODRelevant:0
 |   |   |- Guid:1B869076447C5844AA87538435C918CC BaseClass: NativeClass:/Script/Engine.SkeletalMeshActor Name:SkeletalMeshActor_UAID_B00CD162E1E7076002_1108514172 Label:Anim_Kick34 SpatiallyLoaded:1 Bounds:IsValid=true, Min=(X=4185.448 Y=3713.006 Z=-0.006), Max=(X=4238.396 Y=3807.130 Z=174.046) RuntimeGrid:None EditorOnly:0 RuntimeOnly:0 HLODRelevant:0
 |   |   |- Guid:1C2C826C49B17B20A85EC084677CADEA BaseClass: NativeClass:/Script/Engine.SkeletalMeshActor Name:SkeletalMeshActor_UAID_B00CD162E1E7066002_1828489938 Label:Anim_Combo12 SpatiallyLoaded:1 Bounds:IsValid=true, Min=(X=1775.445 Y=2103.003 Z=-0.007), Max=(X=1828.398 Y=2197.127 Z=174.047) RuntimeGrid:None EditorOnly:0 RuntimeOnly:0 HLODRelevant:0
 |   |   |- Guid:1F4988E447231791D0BA6BACB5D02841 BaseClass: NativeClass:/Script/Engine.SkeletalMeshActor Name:SkeletalMeshActor_UAID_B00CD162E1E7066002_2142733988 Label:Anim_Kick26 SpatiallyLoaded:1 Bounds:IsValid=true, Min=(X=3385.448 Y=3113.006 Z=-0.007), Max=(X=3438.396 Y=3207.125 Z=174.046) RuntimeGrid:None EditorOnly:0 RuntimeOnly:0 HLODRelevant:0
 |   |   |- Guid:20975F324AA817BB80E7A19D77F5D6BF BaseClass: NativeClass:/Script/Engine.SkeletalMeshActor Name:SkeletalMeshActor_UAID_B00CD162E1E7066002_1938452956 Label:Anim_Elbow02 SpatiallyLoaded:1 Bounds:IsValid=true, Min=(X=991.597 Y=6253.005 Z=-0.005), Max=(X=1044.557 Y=6347.123 Z=174.125) RuntimeGrid:None EditorOnly:0 RuntimeOnly:0 HLODRelevant:0
 |   |   |- Guid:21C746AD4E6F6162DC1087B77EF5C266 BaseClass: NativeClass:/Script/Engine.SkeletalMeshActor Name:SkeletalMeshActor_UAID_B00CD162E1E7076002_1110572173 Label:Anim_Kick35 SpatiallyLoaded:1 Bounds:IsValid=true, Min=(X=4571.527 Y=3723.034 Z=-0.009), Max=(X=4624.745 Y=3817.274 Z=174.069) RuntimeGrid:None EditorOnly:0 RuntimeOnly:0 HLODRelevant:0
 |   |   |- Guid:22EDA1AE4134088F97AAEE98A3D727C5 BaseClass: NativeClass:/Script/Engine.SkeletalMeshActor Name:SkeletalMeshActor_UAID_B00CD162E1E7066002_1789840930 Label:Anim_Combo04 SpatiallyLoaded:1 Bounds:IsValid=true, Min=(X=1775.449 Y=513.006 Z=-0.007), Max=(X=1828.396 Y=607.127 Z=174.045) RuntimeGrid:None EditorOnly:0 RuntimeOnly:0 HLODRelevant:0
 |   |   |- Guid:27C37D7D4CD737912079A9AEA8194993 BaseClass: NativeClass:/Script/Engine.SkeletalMeshActor Name:SkeletalMeshActor_UAID_B00CD162E1E7076002_1127092176 Label:Anim_Kick38 SpatiallyLoaded:1 Bounds:IsValid=true, Min=(X=3385.447 Y=4313.002 Z=-0.005), Max=(X=3438.397 Y=4407.126 Z=174.045) RuntimeGrid:None EditorOnly:0 RuntimeOnly:0 HLODRelevant:0
 |   |   |- Guid:2C0D024542F2070D216F82A9031D74A2 BaseClass: NativeClass:/Script/Engine.SkeletalMeshActor Name:SkeletalMeshActor_UAID_B00CD162E1E7076002_1135943179 Label:Anim_Kick41 SpatiallyLoaded:1 Bounds:IsValid=true, Min=(X=4575.439 Y=4312.933 Z=0.001), Max=(X=4628.436 Y=4407.118 Z=174.137) RuntimeGrid:None EditorOnly:0 RuntimeOnly:0 HLODRelevant:0
 |   |   |- Guid:2D8F066A481065967886A1873FDB55D1 BaseClass: NativeClass:/Script/Engine.SkeletalMeshActor Name:SkeletalMeshActor_UAID_B00CD162E1E7066002_1851939944 Label:Anim_Combo18 SpatiallyLoaded:1 Bounds:IsValid=true, Min=(X=985.448 Y=3603.006 Z=-0.007), Max=(X=1038.396 Y=3697.127 Z=174.045) RuntimeGrid:None EditorOnly:0 RuntimeOnly:0 HLODRelevant:0
 |   |   |- Guid:2F5D4B034BDFE9060BDD8A930D14998C BaseClass: NativeClass:/Script/Engine.SkeletalMeshActor Name:SkeletalMeshActor_UAID_B00CD162E1E7066002_1781192928 Label:Anim_Combo02 SpatiallyLoaded:1 Bounds:IsValid=true, Min=(X=975.446 Y=513.002 Z=-0.006), Max=(X=1028.397 Y=607.125 Z=174.044) RuntimeGrid:None EditorOnly:0 RuntimeOnly:0 HLODRelevant:0
 |   |   |- Guid:35CFEB0346288030D3DF84B93638D056 BaseClass: NativeClass:/Script/Engine.SkeletalMeshActor Name:SkeletalMeshActor_UAID_B00CD162E1E7066002_1855684946 Label:Anim_Combo20 SpatiallyLoaded:1 Bounds:IsValid=true, Min=(X=1781.600 Y=3593.001 Z=-0.006), Max=(X=1834.567 Y=3687.129 Z=174.140) RuntimeGrid:None EditorOnly:0 RuntimeOnly:0 HLODRelevant:0
 |   |   |- Guid:36798D7646C6E9D0AC9AC19486E05C4D BaseClass: NativeClass:/Script/Engine.SkeletalMeshActor Name:SkeletalMeshActor_UAID_B00CD162E1E7066002_1936543955 Label:Anim_Elbow01 SpatiallyLoaded:1 Bounds:IsValid=true, Min=(X=565.440 Y=6242.935 Z=-0.002), Max=(X=618.406 Y=6337.135 Z=174.129) RuntimeGrid:None EditorOnly:0 RuntimeOnly:0 HLODRelevant:0
 |   |   |- Guid:3A00AA1C422CE54C0BDB60BAF471BFBB BaseClass: NativeClass:/Script/Engine.PlayerStart Name:PlayerStart_0 Label:PlayerStart SpatiallyLoaded:0 Bounds:IsValid=true, Min=(X=860.000 Y=1070.000 Z=0.013), Max=(X=940.000 Y=1150.000 Z=184.013) RuntimeGrid:None EditorOnly:0 RuntimeOnly:0 HLODRelevant:0
 |   |   |- Guid:3AE3ADEF4B9B66D8E820CFBE187C6B46 BaseClass: NativeClass:/Script/Engine.SkeletalMeshActor Name:SkeletalMeshActor_UAID_B00CD162E1E7066002_2027249965 Label:Anim_Kick03 SpatiallyLoaded:1 Bounds:IsValid=true, Min=(X=3771.573 Y=513.007 Z=-0.013), Max=(X=3824.748 Y=607.273 Z=174.069) RuntimeGrid:None EditorOnly:0 RuntimeOnly:0 HLODRelevant:0
 |   |   |- Guid:41D4D5EC4E33DE9A868EA785C69A6210 BaseClass: NativeClass:/Script/Engine.SkeletalMeshActor Name:SkeletalMeshActor_UAID_B00CD162E1E7066002_2137955987 Label:Anim_Kick25 SpatiallyLoaded:1 Bounds:IsValid=true, Min=(X=2991.576 Y=3103.007 Z=-0.013), Max=(X=3044.747 Y=3197.274 Z=174.069) RuntimeGrid:None EditorOnly:0 RuntimeOnly:0 HLODRelevant:0
 |   |   |- Guid:4302B4754CB9D007D0C6888CA24DB673 BaseClass: NativeClass:/Script/Engine.SkeletalMeshActor Name:SkeletalMeshActor_UAID_B00CD162E1E7066002_1882540954 Label:Anim_Combo28 SpatiallyLoaded:1 Bounds:IsValid=true, Min=(X=1771.600 Y=5003.003 Z=-0.006), Max=(X=1824.567 Y=5097.129 Z=174.139) RuntimeGrid:None EditorOnly:0 RuntimeOnly:0 HLODRelevant:0
 |   |   |- Guid:43769B2F457017079D6B819F5E4D6216 BaseClass: NativeClass:/Script/Engine.SkeletalMeshActor Name:SkeletalMeshActor_UAID_B00CD162E1E7076002_1099731169 Label:Anim_Kick31 SpatiallyLoaded:1 Bounds:IsValid=true, Min=(X=2975.063 Y=3712.515 Z=-0.004), Max=(X=3028.048 Y=3806.716 Z=174.144) RuntimeGrid:None EditorOnly:0 RuntimeOnly:0 HLODRelevant:0
 |   |   |- Guid:43A0D32F48E84CE2EB46D0B4946A91A6 BaseClass: NativeClass:/Script/Engine.VolumetricCloud Name:VolumetricCloud_UAID_B00CD162E1E7855D02_1469843114 Label:VolumetricCloud SpatiallyLoaded:0 Bounds:IsValid=true, Min=(X=0.000 Y=0.000 Z=0.000), Max=(X=0.000 Y=0.000 Z=0.000) RuntimeGrid:None EditorOnly:0 RuntimeOnly:0 HLODRelevant:0
 |   |   |- Guid:4431067C46B9E2EAF74342878C36539D BaseClass: NativeClass:/Script/Engine.SkeletalMeshActor Name:SkeletalMeshActor_UAID_B00CD162E1E7066002_1811041933 Label:Anim_Combo07 SpatiallyLoaded:1 Bounds:IsValid=true, Min=(X=1371.530 Y=1303.034 Z=-0.009), Max=(X=1424.744 Y=1397.273 Z=174.068) RuntimeGrid:None EditorOnly:0 RuntimeOnly:0 HLODRelevant:0
 |   |   |- Guid:44D009B041D70BC763041193128B869A BaseClass: NativeClass:/Script/Engine.SkeletalMeshActor Name:SkeletalMeshActor_UAID_B00CD162E1E7066002_2090764979 Label:Anim_Kick17 SpatiallyLoaded:1 Bounds:IsValid=true, Min=(X=4581.585 Y=1713.009 Z=-0.019), Max=(X=4634.744 Y=1807.274 Z=174.068) RuntimeGrid:None EditorOnly:0 RuntimeOnly:0 HLODRelevant:0
 |   |   |- Guid:45626D3A4B3297657D82B797625B23A0 BaseClass: NativeClass:/Script/Engine.SkeletalMeshActor Name:SkeletalMeshActor_UAID_B00CD162E1E7066002_2093763980 Label:Anim_Kick18 SpatiallyLoaded:1 Bounds:IsValid=true, Min=(X=4975.448 Y=1723.002 Z=-0.006), Max=(X=5028.400 Y=1817.127 Z=174.045) RuntimeGrid:None EditorOnly:0 RuntimeOnly:0 HLODRelevant:0
 |   |   |- Guid:4960AAB542EBCA6FC3FE75BB65B9B99B BaseClass: NativeClass:/Script/Engine.SkeletalMeshActor Name:SkeletalMeshActor_UAID_B00CD162E1E7066002_2120784986 Label:Anim_Kick24 SpatiallyLoaded:1 Bounds:IsValid=true, Min=(X=4975.445 Y=2413.002 Z=-0.006), Max=(X=5028.398 Y=2507.127 Z=174.047) RuntimeGrid:None EditorOnly:0 RuntimeOnly:0 HLODRelevant:0
 |   |   |- Guid:4984F4AB49F762904C2816B1A3F76025 BaseClass: NativeClass:/Script/Engine.SkeletalMeshActor Name:SkeletalMeshActor_UAID_B00CD162E1E7066002_1995618962 Label:Anim_Pose02 SpatiallyLoaded:1 Bounds:IsValid=true, Min=(X=1775.448 Y=8213.006 Z=-0.006), Max=(X=1828.396 Y=8307.128 Z=174.046) RuntimeGrid:None EditorOnly:0 RuntimeOnly:0 HLODRelevant:0
 |   |   |- Guid:49A09461453316BEE85440AFFB5B0DC0 BaseClass: NativeClass:/Script/Engine.SkeletalMeshActor Name:SkeletalMeshActor_UAID_B00CD162E1E7076002_1123334175 Label:Anim_Kick37 SpatiallyLoaded:1 Bounds:IsValid=true, Min=(X=2971.584 Y=4303.009 Z=-0.018), Max=(X=3024.745 Y=4397.273 Z=174.069) RuntimeGrid:None EditorOnly:0 RuntimeOnly:0 HLODRelevant:0
 |   |   |- Guid:4A74E7E24586D83A435B68AE453F8250 BaseClass: NativeClass:/Script/Engine.SkeletalMeshActor Name:SkeletalMeshActor_UAID_B00CD162E1E7066002_2082429976 Label:Anim_Kick14 SpatiallyLoaded:1 Bounds:IsValid=true, Min=(X=3385.448 Y=1723.006 Z=-0.006), Max=(X=3438.396 Y=1817.128 Z=174.046) RuntimeGrid:None EditorOnly:0 RuntimeOnly:0 HLODRelevant:0
 |   |   |- Guid:4DEAAE0B4F3A67AA799A449E73A997A0 BaseClass: NativeClass:/Script/Engine.SkeletalMeshActor Name:SkeletalMeshActor_UAID_B00CD162E1E7066002_2053122970 Label:Anim_Kick08 SpatiallyLoaded:1 Bounds:IsValid=true, Min=(X=3385.445 Y=1103.005 Z=-0.005), Max=(X=3438.401 Y=1197.129 Z=174.047) RuntimeGrid:None EditorOnly:0 RuntimeOnly:0 HLODRelevant:0
 |   |   |- Guid:4EFBAACD44890A8C2EAD7390C02AB953 BaseClass: NativeClass:/Script/Engine.SkeletalMeshActor Name:SkeletalMeshActor_UAID_B00CD162E1E7076002_1105981171 Label:Anim_Kick33 SpatiallyLoaded:1 Bounds:IsValid=true, Min=(X=3771.576 Y=3713.007 Z=-0.013), Max=(X=3824.746 Y=3807.274 Z=174.069) RuntimeGrid:None EditorOnly:0 RuntimeOnly:0 HLODRelevant:0
 |   |   |- Guid:5093A3ED4BE30F6D60D51394F8E3BE42 BaseClass: NativeClass:/Script/Engine.SkeletalMeshActor Name:SkeletalMeshActor_UAID_B00CD162E1E7066002_1808458932 Label:Anim_Combo06 SpatiallyLoaded:1 Bounds:IsValid=true, Min=(X=975.448 Y=1313.006 Z=-0.008), Max=(X=1028.395 Y=1407.127 Z=174.045) RuntimeGrid:None EditorOnly:0 RuntimeOnly:0 HLODRelevant:0
 |   |   |- Guid:509D7E504711E5A59CFAAAB124B96A21 BaseClass: NativeClass:/Script/Engine.SkeletalMeshActor Name:SkeletalMeshActor_UAID_B00CD162E1E7066002_2147246990 Label:Anim_Kick28 SpatiallyLoaded:1 Bounds:IsValid=true, Min=(X=4185.445 Y=3113.004 Z=-0.005), Max=(X=4238.398 Y=3207.130 Z=174.048) RuntimeGrid:None EditorOnly:0 RuntimeOnly:0 HLODRelevant:0
 |   |   |- Guid:5346A40C4E180F661BF7739D63FD7F74 BaseClass: NativeClass:/Script/Engine.SkeletalMeshActor Name:SkeletalMeshActor_UAID_B00CD162E1E7066002_2024429964 Label:Anim_Kick02 SpatiallyLoaded:1 Bounds:IsValid=true, Min=(X=3381.598 Y=513.001 Z=-0.006), Max=(X=3434.571 Y=607.125 Z=174.139) RuntimeGrid:None EditorOnly:0 RuntimeOnly:0 HLODRelevant:0
 |   |   |- Guid:5384B28E4D284134563513BCFA07D520 BaseClass: NativeClass:/Script/Engine.SkeletalMeshActor Name:SkeletalMeshActor_UAID_B00CD162E1E7066002_1837268939 Label:Anim_Combo13 SpatiallyLoaded:1 Bounds:IsValid=true, Min=(X=571.585 Y=2813.009 Z=-0.018), Max=(X=624.745 Y=2907.272 Z=174.068) RuntimeGrid:None EditorOnly:0 RuntimeOnly:0 HLODRelevant:0
 |   |   |- Guid:55B299F84D57C61AC6A46DBC913400EA BaseClass: NativeClass:/Script/Engine.SkeletalMeshActor Name:SkeletalMeshActor_UAID_B00CD162E1E7066002_1875825951 Label:Anim_Combo25 SpatiallyLoaded:1 Bounds:IsValid=true, Min=(X=575.443 Y=5002.933 Z=0.004), Max=(X=628.423 Y=5097.137 Z=174.139) RuntimeGrid:None EditorOnly:0 RuntimeOnly:0 HLODRelevant:0
 |   |   |- Guid:55F39EC644B792933EA93BB2CC9D5B58 BaseClass: NativeClass:/Script/Engine.DirectionalLight Name:DirectionalLight_UAID_B00CD162E1E7855D02_1469089112 Label:DirectionalLight SpatiallyLoaded:0 Bounds:IsValid=true, Min=(X=-4398046511104.000 Y=-4398046511104.000 Z=-4398046511104.000), Max=(X=4398046511104.000 Y=4398046511104.000 Z=4398046511104.000) RuntimeGrid:None EditorOnly:0 RuntimeOnly:0 HLODRelevant:0
 |   |   |- Guid:5745CF5E4243283A5B1E00A0B6F0B900 BaseClass: NativeClass:/Script/Engine.SkeletalMeshActor Name:SkeletalMeshActor_UAID_B00CD162E1E7066002_1870119950 Label:Anim_Combo24 SpatiallyLoaded:1 Bounds:IsValid=true, Min=(X=1781.595 Y=4303.008 Z=-0.005), Max=(X=1834.554 Y=4397.123 Z=174.134) RuntimeGrid:None EditorOnly:0 RuntimeOnly:0 HLODRelevant:0
 |   |   |- Guid:5B97F4A64FB21F77EFC44386BF705B4C BaseClass: NativeClass:/Script/Engine.TextRenderActor Name:TextRenderActor_1 Label:TextRenderActor SpatiallyLoaded:1 Bounds:IsValid=true, Min=(X=-0.100 Y=1100.000 Z=65.013), Max=(X=-0.100 Y=2392.308 Z=215.013) RuntimeGrid:None EditorOnly:0 RuntimeOnly:0 HLODRelevant:0
 |   |   |- Guid:5E1BD19241058A62FDE1C6B73B3D0FC4 BaseClass: NativeClass:/Script/Engine.SkeletalMeshActor Name:SkeletalMeshActor_UAID_B00CD162E1E7066002_1823080937 Label:Anim_Combo11 SpatiallyLoaded:1 Bounds:IsValid=true, Min=(X=1381.584 Y=2103.009 Z=-0.018), Max=(X=1434.745 Y=2197.274 Z=174.068) RuntimeGrid:None EditorOnly:0 RuntimeOnly:0 HLODRelevant:0
 |   |   |- Guid:686E44E545F1A79D383500A47F487596 BaseClass: NativeClass:/Script/Engine.SkeletalMeshActor Name:SkeletalMeshActor_UAID_B00CD162E1E7066002_1850025943 Label:Anim_Combo17 SpatiallyLoaded:1 Bounds:IsValid=true, Min=(X=571.585 Y=3603.009 Z=-0.017), Max=(X=624.745 Y=3697.273 Z=174.069) RuntimeGrid:None EditorOnly:0 RuntimeOnly:0 HLODRelevant:0
 |   |   |- Guid:695C6A3348A6216377AFF6A979B24CF2 BaseClass: NativeClass:/Script/Engine.SkeletalMeshActor Name:SkeletalMeshActor_UAID_B00CD162E1E7066002_1806303931 Label:Anim_Combo05 SpatiallyLoaded:1 Bounds:IsValid=true, Min=(X=581.521 Y=1293.032 Z=-0.006), Max=(X=634.747 Y=1387.274 Z=174.069) RuntimeGrid:None EditorOnly:0 RuntimeOnly:0 HLODRelevant:0
 |   |   |- Guid:6BAF4DDD444C60371492D3919DB42C97 BaseClass: NativeClass:/Script/Engine.WorldDataLayers Name:WorldDataLayers Label:WorldDataLayers SpatiallyLoaded:0 Bounds:IsValid=true, Min=(X=0.000 Y=0.000 Z=0.000), Max=(X=0.000 Y=0.000 Z=0.000) RuntimeGrid:None EditorOnly:0 RuntimeOnly:0 HLODRelevant:0
 |   |   |- Guid:6D88A41146DF124326B57BAF4B1ECD5B BaseClass: NativeClass:/Script/Engine.SkyAtmosphere Name:SkyAtmosphere_UAID_B00CD162E1E7855D02_1469460113 Label:SkyAtmosphere SpatiallyLoaded:0 Bounds:IsValid=true, Min=(X=0.000 Y=0.000 Z=0.000), Max=(X=0.000 Y=0.000 Z=0.000) RuntimeGrid:None EditorOnly:0 RuntimeOnly:0 HLODRelevant:0
 |   |   |- Guid:7041BC4441C55F36756220A0C54A52EA BaseClass: NativeClass:/Script/Engine.SkeletalMeshActor Name:SkeletalMeshActor_UAID_B00CD162E1E7066002_2063341974 Label:Anim_Kick12 SpatiallyLoaded:1 Bounds:IsValid=true, Min=(X=4975.449 Y=1113.006 Z=-0.007), Max=(X=5028.396 Y=1207.127 Z=174.045) RuntimeGrid:None EditorOnly:0 RuntimeOnly:0 HLODRelevant:0
 |   |   |- Guid:70FD628643D5BD7AC8D0B69B5BF23489 BaseClass: NativeClass:/Script/Engine.SkeletalMeshActor Name:SkeletalMeshActor_UAID_B00CD162E1E7066002_2041188968 Label:Anim_Kick06 SpatiallyLoaded:1 Bounds:IsValid=true, Min=(X=4985.448 Y=513.006 Z=-0.007), Max=(X=5038.398 Y=607.128 Z=174.046) RuntimeGrid:None EditorOnly:0 RuntimeOnly:0 HLODRelevant:0
 |   |   |- Guid:73F9DC11436C0DA1FA40D9927F1A1A4F BaseClass: NativeClass:/Script/Engine.SkeletalMeshActor Name:SkeletalMeshActor_UAID_B00CD162E1E7066002_2020678963 Label:Anim_Kick01 SpatiallyLoaded:1 Bounds:IsValid=true, Min=(X=2975.423 Y=492.930 Z=-0.002), Max=(X=3028.440 Y=587.113 Z=174.141) RuntimeGrid:None EditorOnly:0 RuntimeOnly:0 HLODRelevant:0
 |   |   |- Guid:789677A2489AFE75957A1FB85FC256C0 BaseClass: NativeClass:/Script/Engine.SkeletalMeshActor Name:SkeletalMeshActor_UAID_B00CD162E1E7076002_1103716170 Label:Anim_Kick32 SpatiallyLoaded:1 Bounds:IsValid=true, Min=(X=3391.953 Y=3712.581 Z=-0.005), Max=(X=3444.942 Y=3806.714 Z=174.146) RuntimeGrid:None EditorOnly:0 RuntimeOnly:0 HLODRelevant:0
 |   |   |- Guid:7C66EDDE4E83D1D4E6E88DA39A3BED14 BaseClass: NativeClass:/Script/Engine.SkeletalMeshActor Name:SkeletalMeshActor_UAID_B00CD162E1E7076002_1153813181 Label:Anim_Kick43 SpatiallyLoaded:1 Bounds:IsValid=true, Min=(X=2975.440 Y=5002.936 Z=0.001), Max=(X=3028.436 Y=5097.118 Z=174.137) RuntimeGrid:None EditorOnly:0 RuntimeOnly:0 HLODRelevant:0
 |   |   |- Guid:7DE9AC1A4E2B2459D4141CA13D9B3D7F BaseClass: NativeClass:/Script/Engine.SkeletalMeshActor Name:SkeletalMeshActor_UAID_B00CD162E1E7066002_1990617960 Label:Anim_BackPose02 SpatiallyLoaded:1 Bounds:IsValid=true, Min=(X=971.597 Y=8203.006 Z=-0.005), Max=(X=1024.557 Y=8297.124 Z=174.134) RuntimeGrid:None EditorOnly:0 RuntimeOnly:0 HLODRelevant:0
 |   |   |- Guid:8662E2A240B8EDD0F9E5BFA3B29D8DD4 BaseClass: NativeClass:/Script/Engine.SkeletalMeshActor Name:SkeletalMeshActor_UAID_B00CD162E1E7076002_1139291180 Label:Anim_Kick42 SpatiallyLoaded:1 Bounds:IsValid=true, Min=(X=4981.600 Y=4313.002 Z=-0.006), Max=(X=5034.567 Y=4407.129 Z=174.139) RuntimeGrid:None EditorOnly:0 RuntimeOnly:0 HLODRelevant:0
 |   |   |- Guid:88D4E0CA42ABE07BE889C09B83428C5B BaseClass: NativeClass:/Script/Engine.SkeletalMeshActor Name:SkeletalMeshActor_UAID_B00CD162E1E7076002_1132486178 Label:Anim_Kick40 SpatiallyLoaded:1 Bounds:IsValid=true, Min=(X=4181.600 Y=4313.002 Z=-0.005), Max=(X=4234.567 Y=4407.129 Z=174.139) RuntimeGrid:None EditorOnly:0 RuntimeOnly:0 HLODRelevant:0
 |   |   |- Guid:894779A149BFAFB4D9F6D29032F15F0F BaseClass: NativeClass:/Script/Engine.SkeletalMeshActor Name:SkeletalMeshActor_UAID_B00CD162E1E7066002_1853588945 Label:Anim_Combo19 SpatiallyLoaded:1 Bounds:IsValid=true, Min=(X=1365.439 Y=3602.934 Z=0.000), Max=(X=1418.434 Y=3697.120 Z=174.137) RuntimeGrid:None EditorOnly:0 RuntimeOnly:0 HLODRelevant:0
 |   |   |- Guid:8A6D317643F6BD2B48AE38815D39F6F3 BaseClass: NativeClass:/Script/Engine.SkeletalMeshActor Name:SkeletalMeshActor_UAID_B00CD162E1E7066002_1987102959 Label:Anim_BackPose01 SpatiallyLoaded:1 Bounds:IsValid=true, Min=(X=575.443 Y=8202.933 Z=0.001), Max=(X=628.393 Y=8297.152 Z=174.139) RuntimeGrid:None EditorOnly:0 RuntimeOnly:0 HLODRelevant:0
 |   |   |- Guid:954E2A574C9417C25A378799FC6D5B56 BaseClass: NativeClass:/Script/Engine.SkeletalMeshActor Name:SkeletalMeshActor_UAID_B00CD162E1E7066002_1964646957 Label:Anim_Knee01 SpatiallyLoaded:1 Bounds:IsValid=true, Min=(X=581.582 Y=6913.009 Z=-0.016), Max=(X=634.744 Y=7007.274 Z=174.069) RuntimeGrid:None EditorOnly:0 RuntimeOnly:0 HLODRelevant:0
 |   |   |- Guid:963B578E4FFD04C142FFB1868F95B0B0 BaseClass: NativeClass:/Script/Engine.SkeletalMeshActor Name:SkeletalMeshActor_UAID_B00CD162E1E7066002_1880266953 Label:Anim_Combo27 SpatiallyLoaded:1 Bounds:IsValid=true, Min=(X=1375.437 Y=5002.937 Z=-0.004), Max=(X=1428.403 Y=5097.135 Z=174.137) RuntimeGrid:None EditorOnly:0 RuntimeOnly:0 HLODRelevant:0
 |   |   |- Guid:992443154FD5C20742A72B93DDACFADF BaseClass: NativeClass:/Script/Engine.SkeletalMeshActor Name:SkeletalMeshActor_UAID_B00CD162E1E7066002_1813909934 Label:Anim_Combo08 SpatiallyLoaded:1 Bounds:IsValid=true, Min=(X=1775.449 Y=1303.006 Z=-0.007), Max=(X=1828.396 Y=1397.125 Z=174.046) RuntimeGrid:None EditorOnly:0 RuntimeOnly:0 HLODRelevant:0
 |   |   |- Guid:99CBCE3F4723E2BBB3FD50934BF84D80 BaseClass: NativeClass:/Script/Engine.SkeletalMeshActor Name:SkeletalMeshActor_UAID_B00CD162E1E7066002_1774887927 Label:Anim_Combo01 SpatiallyLoaded:1 Bounds:IsValid=true, Min=(X=571.585 Y=503.009 Z=-0.018), Max=(X=624.745 Y=597.273 Z=174.067) RuntimeGrid:None EditorOnly:0 RuntimeOnly:0 HLODRelevant:0
 |   |   |- Guid:9D4E060A469FFC9C3E79C4B1C4DF664E BaseClass: NativeClass:/Script/Engine.SkeletalMeshActor Name:SkeletalMeshActor_UAID_B00CD162E1E7066002_2078349975 Label:Anim_Kick13 SpatiallyLoaded:1 Bounds:IsValid=true, Min=(X=2981.585 Y=1723.009 Z=-0.017), Max=(X=3034.744 Y=1817.273 Z=174.069) RuntimeGrid:None EditorOnly:0 RuntimeOnly:0 HLODRelevant:0
 |   |   |- Guid:A80DABB0481541AB8F750E977CB1C543 BaseClass: NativeClass:/Script/Engine.SkeletalMeshActor Name:SkeletalMeshActor_UAID_B00CD162E1E7066002_2108338981 Label:Anim_Kick19 SpatiallyLoaded:1 Bounds:IsValid=true, Min=(X=2991.530 Y=2403.034 Z=-0.010), Max=(X=3044.745 Y=2497.276 Z=174.067) RuntimeGrid:None EditorOnly:0 RuntimeOnly:0 HLODRelevant:0
 |   |   |- Guid:ABA780E6408202A236C79581D3AD80C4 BaseClass: NativeClass:/Script/Engine.SkeletalMeshActor Name:SkeletalMeshActor_UAID_B00CD162E1E7066002_1818303935 Label:Anim_Combo09 SpatiallyLoaded:1 Bounds:IsValid=true, Min=(X=571.573 Y=2103.008 Z=-0.013), Max=(X=624.747 Y=2197.274 Z=174.069) RuntimeGrid:None EditorOnly:0 RuntimeOnly:0 HLODRelevant:0
 |   |   |- Guid:AC342A8A44A3744C640B7E9F85D7E247 BaseClass: NativeClass:/Script/Engine.SkeletalMeshActor Name:SkeletalMeshActor_UAID_B00CD162E1E7066002_2116575984 Label:Anim_Kick22 SpatiallyLoaded:1 Bounds:IsValid=true, Min=(X=4175.467 Y=2413.011 Z=-0.008), Max=(X=4228.402 Y=2507.120 Z=174.047) RuntimeGrid:None EditorOnly:0 RuntimeOnly:0 HLODRelevant:0
 |   |   |- Guid:ADDB49524741139D6F5D80B13C1EE1AC BaseClass: NativeClass:/Script/Engine.SkeletalMeshActor Name:SkeletalMeshActor_UAID_B00CD162E1E7076002_1129270177 Label:Anim_Kick39 SpatiallyLoaded:1 Bounds:IsValid=true, Min=(X=3775.442 Y=4312.933 Z=0.004), Max=(X=3828.423 Y=4407.137 Z=174.138) RuntimeGrid:None EditorOnly:0 RuntimeOnly:0 HLODRelevant:0
 |   |   |- Guid:B001BB7A484E8F2F4D358384F6B10827 BaseClass: NativeClass:/Script/Engine.SkeletalMeshActor Name:SkeletalMeshActor_UAID_B00CD162E1E7066002_2030099966 Label:Anim_Kick04 SpatiallyLoaded:1 Bounds:IsValid=true, Min=(X=4175.449 Y=503.006 Z=-0.007), Max=(X=4228.396 Y=597.127 Z=174.045) RuntimeGrid:None EditorOnly:0 RuntimeOnly:0 HLODRelevant:0
 |   |   |- Guid:B1157ABE4DDCB51FC931A7A24AA5C8D9 BaseClass: NativeClass:/Script/Engine.SkeletalMeshActor Name:SkeletalMeshActor_UAID_B00CD162E1E7066002_1842250941 Label:Anim_Combo15 SpatiallyLoaded:1 Bounds:IsValid=true, Min=(X=1371.585 Y=2803.009 Z=-0.017), Max=(X=1424.745 Y=2897.272 Z=174.068) RuntimeGrid:None EditorOnly:0 RuntimeOnly:0 HLODRelevant:0
 |   |   |- Guid:B6AC1F77443AF9D6E3EF6EB37E278277 BaseClass: NativeClass:/Script/Engine.SkeletalMeshActor Name:SkeletalMeshActor_UAID_B00CD162E1E7076002_1163550184 Label:Anim_Kick46 SpatiallyLoaded:1 Bounds:IsValid=true, Min=(X=4175.466 Y=5013.012 Z=-0.005), Max=(X=4228.406 Y=5107.121 Z=174.047) RuntimeGrid:None EditorOnly:0 RuntimeOnly:0 HLODRelevant:0
 |   |   |- Guid:BD964E6D403837000F1EBEA3ABA05B17 BaseClass: NativeClass:/Script/Engine.SkeletalMeshActor Name:SkeletalMeshActor_UAID_B00CD162E1E7066002_1820729936 Label:Anim_Combo10 SpatiallyLoaded:1 Bounds:IsValid=true, Min=(X=975.449 Y=2103.006 Z=-0.007), Max=(X=1028.396 Y=2197.125 Z=174.045) RuntimeGrid:None EditorOnly:0 RuntimeOnly:0 HLODRelevant:0
 |   |   |- Guid:C14ED46946E82F61DE50089DF73F0BCD BaseClass: NativeClass:/Script/Engine.SkeletalMeshActor Name:SkeletalMeshActor_UAID_B00CD162E1E7076002_1168122186 Label:Anim_Kick48 SpatiallyLoaded:1 Bounds:IsValid=true, Min=(X=4995.450 Y=5013.005 Z=-0.008), Max=(X=5048.394 Y=5107.127 Z=174.048) RuntimeGrid:None EditorOnly:0 RuntimeOnly:0 HLODRelevant:0
 |   |   |- Guid:C7BBB2F242DC0C07561B8EA6CDC197C3 BaseClass: NativeClass:/Script/Engine.SkeletalMeshActor Name:SkeletalMeshActor_UAID_B00CD162E1E7066002_1967536958 Label:Anim_Knee02 SpatiallyLoaded:1 Bounds:IsValid=true, Min=(X=985.447 Y=6913.001 Z=-0.004), Max=(X=1038.403 Y=7007.128 Z=174.046) RuntimeGrid:None EditorOnly:0 RuntimeOnly:0 HLODRelevant:0
 |   |   |- Guid:CAF52EC74E6A07FD15087E87243A2852 BaseClass: NativeClass:/Script/Engine.SkeletalMeshActor Name:SkeletalMeshActor_UAID_B00CD162E1E7066002_2059203972 Label:Anim_Kick10 SpatiallyLoaded:1 Bounds:IsValid=true, Min=(X=4175.464 Y=1103.007 Z=-0.004), Max=(X=4228.405 Y=1197.118 Z=174.046) RuntimeGrid:None EditorOnly:0 RuntimeOnly:0 HLODRelevant:0
 |   |   |- Guid:CE50104E465B4D302A3DCE8BB306CF1C BaseClass: NativeClass:/Script/Engine.SkeletalMeshActor Name:SkeletalMeshActor_UAID_B00CD162E1E7066002_1785616929 Label:Anim_Combo03 SpatiallyLoaded:1 Bounds:IsValid=true, Min=(X=1371.576 Y=513.008 Z=-0.013), Max=(X=1424.747 Y=607.274 Z=174.069) RuntimeGrid:None EditorOnly:0 RuntimeOnly:0 HLODRelevant:0
 |   |   |- Guid:D3E023AC413B8A4774CB14851BE94E2C BaseClass: NativeClass:/Script/Engine.SkeletalMeshActor Name:SkeletalMeshActor_UAID_B00CD162E1E7066002_2114043983 Label:Anim_Kick21 SpatiallyLoaded:1 Bounds:IsValid=true, Min=(X=3771.576 Y=2403.008 Z=-0.013), Max=(X=3824.746 Y=2497.275 Z=174.069) RuntimeGrid:None EditorOnly:0 RuntimeOnly:0 HLODRelevant:0
 |   |   |- Guid:DF69E97C4D6E405DE8A168BBA26CF4CE BaseClass: NativeClass:/Script/Engine.SkeletalMeshActor Name:SkeletalMeshActor_UAID_B00CD162E1E7066002_1839635940 Label:Anim_Combo14 SpatiallyLoaded:1 Bounds:IsValid=true, Min=(X=975.463 Y=2813.008 Z=-0.004), Max=(X=1028.406 Y=2907.120 Z=174.047) RuntimeGrid:None EditorOnly:0 RuntimeOnly:0 HLODRelevant:0
 |   |   |- Guid:E66F627B435A0AE45F59538A661626D0 BaseClass: NativeClass:/Script/Engine.SkeletalMeshActor Name:SkeletalMeshActor_UAID_B00CD162E1E7066002_1993582961 Label:Anim_Pose01 SpatiallyLoaded:1 Bounds:IsValid=true, Min=(X=1361.573 Y=8203.008 Z=-0.012), Max=(X=1414.746 Y=8297.273 Z=174.069) RuntimeGrid:None EditorOnly:0 RuntimeOnly:0 HLODRelevant:0
 |   |   |- Guid:E6E618FA48DC99852AAA95AEC4E9D210 BaseClass: NativeClass:/Script/Engine.SkyLight Name:SkyLight_UAID_B00CD162E1E7855D02_1468691111 Label:SkyLight SpatiallyLoaded:0 Bounds:IsValid=true, Min=(X=0.000 Y=0.000 Z=0.000), Max=(X=0.000 Y=0.000 Z=0.000) RuntimeGrid:None EditorOnly:0 RuntimeOnly:0 HLODRelevant:0
 |   |   |- Guid:E92455E0423FC58FCA34028DEF9309CC BaseClass: NativeClass:/Script/Engine.SkeletalMeshActor Name:SkeletalMeshActor_UAID_B00CD162E1E7066002_1865215948 Label:Anim_Combo22 SpatiallyLoaded:1 Bounds:IsValid=true, Min=(X=975.443 Y=4303.004 Z=-0.004), Max=(X=1028.400 Y=4397.126 Z=174.047) RuntimeGrid:None EditorOnly:0 RuntimeOnly:0 HLODRelevant:0
 |   |   |- Guid:EE5685A142105E394A40EA92C6E77C4C BaseClass: NativeClass:/Script/Engine.SkeletalMeshActor Name:SkeletalMeshActor_UAID_B00CD162E1E7066002_2037641967 Label:Anim_Kick05 SpatiallyLoaded:1 Bounds:IsValid=true, Min=(X=4581.530 Y=503.034 Z=-0.010), Max=(X=4634.746 Y=597.274 Z=174.069) RuntimeGrid:None EditorOnly:0 RuntimeOnly:0 HLODRelevant:0
 |   |   |- Guid:F1924B8D48954B30891B2DB6A694F9CC BaseClass: NativeClass:/Script/Engine.StaticMeshActor Name:StaticMeshActor_1 Label:SM_Cube SpatiallyLoaded:1 Bounds:IsValid=true, Min=(X=0.000 Y=0.000 Z=-50.000), Max=(X=10000.000 Y=10000.000 Z=0.000) RuntimeGrid:None EditorOnly:0 RuntimeOnly:0 HLODRelevant:1 FolderPath:Playground FolderGuid:C73F09FC4215536B1DCE2A9E0A830C70
 |   |   |- Guid:F70F37754FE1D475517436BF62DBED3C BaseClass: NativeClass:/Script/Engine.SkeletalMeshActor Name:SkeletalMeshActor_UAID_B00CD162E1E7076002_1076152167 Label:Anim_Kick29 SpatiallyLoaded:1 Bounds:IsValid=true, Min=(X=4565.048 Y=3112.717 Z=-0.000), Max=(X=4618.056 Y=3206.910 Z=174.143) RuntimeGrid:None EditorOnly:0 RuntimeOnly:0 HLODRelevant:0
 |   |   |- Guid:F8F38EB046BD28BDA2B791A62D1DCD23 BaseClass: NativeClass:/Script/Engine.SkeletalMeshActor Name:SkeletalMeshActor_UAID_B00CD162E1E7066002_2144963989 Label:Anim_Kick27 SpatiallyLoaded:1 Bounds:IsValid=true, Min=(X=3771.585 Y=3113.009 Z=-0.017), Max=(X=3824.745 Y=3207.272 Z=174.068) RuntimeGrid:None EditorOnly:0 RuntimeOnly:0 HLODRelevant:0
 |   |   |- Guid:FAE92D57493866FCFA4D848430ED8520 BaseClass: NativeClass:/Script/Engine.SkeletalMeshActor Name:SkeletalMeshActor_UAID_B00CD162E1E7066002_2050137969 Label:Anim_Kick07 SpatiallyLoaded:1 Bounds:IsValid=true, Min=(X=2971.585 Y=1113.009 Z=-0.018), Max=(X=3024.744 Y=1207.273 Z=174.068) RuntimeGrid:None EditorOnly:0 RuntimeOnly:0 HLODRelevant:0
 |   |   |- Guid:FBD418594BD93126D8BC2E9479B2D696 BaseClass: NativeClass:/Script/Engine.SkeletalMeshActor Name:SkeletalMeshActor_UAID_B00CD162E1E7066002_2055664971 Label:Anim_Kick09 SpatiallyLoaded:1 Bounds:IsValid=true, Min=(X=3781.530 Y=1103.034 Z=-0.009), Max=(X=3834.744 Y=1197.273 Z=174.069) RuntimeGrid:None EditorOnly:0 RuntimeOnly:0 HLODRelevant:0
 |   |- [+] Clusters:
 |   |   |- [+] [  0]
 |   |   |   |- Guid:0E960D41412E78A0F8380F95311D4260 BaseClass: NativeClass:/Script/Engine.ExponentialHeightFog Name:ExponentialHeightFog_UAID_B00CD162E1E7855D02_1470184115 Label:ExponentialHeightFog SpatiallyLoaded:0 Bounds:IsValid=true, Min=(X=0.000 Y=0.000 Z=0.000), Max=(X=0.000 Y=0.000 Z=0.000) RuntimeGrid:None EditorOnly:0 RuntimeOnly:0 HLODRelevant:0
 |   |   |- [+] [  1]
 |   |   |   |- Guid:F1924B8D48954B30891B2DB6A694F9CC BaseClass: NativeClass:/Script/Engine.StaticMeshActor Name:StaticMeshActor_1 Label:SM_Cube SpatiallyLoaded:1 Bounds:IsValid=true, Min=(X=0.000 Y=0.000 Z=-50.000), Max=(X=10000.000 Y=10000.000 Z=0.000) RuntimeGrid:None EditorOnly:0 RuntimeOnly:0 HLODRelevant:1 FolderPath:Playground FolderGuid:C73F09FC4215536B1DCE2A9E0A830C70
 |   |   |- [+] [  2]
 |   |   |   |- Guid:5B97F4A64FB21F77EFC44386BF705B4C BaseClass: NativeClass:/Script/Engine.TextRenderActor Name:TextRenderActor_1 Label:TextRenderActor SpatiallyLoaded:1 Bounds:IsValid=true, Min=(X=-0.100 Y=1100.000 Z=65.013), Max=(X=-0.100 Y=2392.308 Z=215.013) RuntimeGrid:None EditorOnly:0 RuntimeOnly:0 HLODRelevant:0
 |   |   |- [+] [  3]
 |   |   |   |- Guid:3A00AA1C422CE54C0BDB60BAF471BFBB BaseClass: NativeClass:/Script/Engine.PlayerStart Name:PlayerStart_0 Label:PlayerStart SpatiallyLoaded:0 Bounds:IsValid=true, Min=(X=860.000 Y=1070.000 Z=0.013), Max=(X=940.000 Y=1150.000 Z=184.013) RuntimeGrid:None EditorOnly:0 RuntimeOnly:0 HLODRelevant:0
 |   |   |- [+] [  4]
 |   |   |   |- Guid:43A0D32F48E84CE2EB46D0B4946A91A6 BaseClass: NativeClass:/Script/Engine.VolumetricCloud Name:VolumetricCloud_UAID_B00CD162E1E7855D02_1469843114 Label:VolumetricCloud SpatiallyLoaded:0 Bounds:IsValid=true, Min=(X=0.000 Y=0.000 Z=0.000), Max=(X=0.000 Y=0.000 Z=0.000) RuntimeGrid:None EditorOnly:0 RuntimeOnly:0 HLODRelevant:0
 |   |   |- [+] [  5]
 |   |   |   |- Guid:6D88A41146DF124326B57BAF4B1ECD5B BaseClass: NativeClass:/Script/Engine.SkyAtmosphere Name:SkyAtmosphere_UAID_B00CD162E1E7855D02_1469460113 Label:SkyAtmosphere SpatiallyLoaded:0 Bounds:IsValid=true, Min=(X=0.000 Y=0.000 Z=0.000), Max=(X=0.000 Y=0.000 Z=0.000) RuntimeGrid:None EditorOnly:0 RuntimeOnly:0 HLODRelevant:0
 |   |   |- [+] [  6]
 |   |   |   |- Guid:55F39EC644B792933EA93BB2CC9D5B58 BaseClass: NativeClass:/Script/Engine.DirectionalLight Name:DirectionalLight_UAID_B00CD162E1E7855D02_1469089112 Label:DirectionalLight SpatiallyLoaded:0 Bounds:IsValid=true, Min=(X=-4398046511104.000 Y=-4398046511104.000 Z=-4398046511104.000), Max=(X=4398046511104.000 Y=4398046511104.000 Z=4398046511104.000) RuntimeGrid:None EditorOnly:0 RuntimeOnly:0 HLODRelevant:0
 |   |   |- [+] [  7]
 |   |   |   |- Guid:6BAF4DDD444C60371492D3919DB42C97 BaseClass: NativeClass:/Script/Engine.WorldDataLayers Name:WorldDataLayers Label:WorldDataLayers SpatiallyLoaded:0 Bounds:IsValid=true, Min=(X=0.000 Y=0.000 Z=0.000), Max=(X=0.000 Y=0.000 Z=0.000) RuntimeGrid:None EditorOnly:0 RuntimeOnly:0 HLODRelevant:0
 |   |   |- [+] [  8]
 |   |   |   |- Guid:E6E618FA48DC99852AAA95AEC4E9D210 BaseClass: NativeClass:/Script/Engine.SkyLight Name:SkyLight_UAID_B00CD162E1E7855D02_1468691111 Label:SkyLight SpatiallyLoaded:0 Bounds:IsValid=true, Min=(X=0.000 Y=0.000 Z=0.000), Max=(X=0.000 Y=0.000 Z=0.000) RuntimeGrid:None EditorOnly:0 RuntimeOnly:0 HLODRelevant:0
 |   |   |- [+] [  9]
 |   |   |   |- Guid:99CBCE3F4723E2BBB3FD50934BF84D80 BaseClass: NativeClass:/Script/Engine.SkeletalMeshActor Name:SkeletalMeshActor_UAID_B00CD162E1E7066002_1774887927 Label:Anim_Combo01 SpatiallyLoaded:1 Bounds:IsValid=true, Min=(X=571.585 Y=503.009 Z=-0.018), Max=(X=624.745 Y=597.273 Z=174.067) RuntimeGrid:None EditorOnly:0 RuntimeOnly:0 HLODRelevant:0
 |   |   |- [+] [ 10]
 |   |   |   |- Guid:2F5D4B034BDFE9060BDD8A930D14998C BaseClass: NativeClass:/Script/Engine.SkeletalMeshActor Name:SkeletalMeshActor_UAID_B00CD162E1E7066002_1781192928 Label:Anim_Combo02 SpatiallyLoaded:1 Bounds:IsValid=true, Min=(X=975.446 Y=513.002 Z=-0.006), Max=(X=1028.397 Y=607.125 Z=174.044) RuntimeGrid:None EditorOnly:0 RuntimeOnly:0 HLODRelevant:0
 |   |   |- [+] [ 11]
 |   |   |   |- Guid:CE50104E465B4D302A3DCE8BB306CF1C BaseClass: NativeClass:/Script/Engine.SkeletalMeshActor Name:SkeletalMeshActor_UAID_B00CD162E1E7066002_1785616929 Label:Anim_Combo03 SpatiallyLoaded:1 Bounds:IsValid=true, Min=(X=1371.576 Y=513.008 Z=-0.013), Max=(X=1424.747 Y=607.274 Z=174.069) RuntimeGrid:None EditorOnly:0 RuntimeOnly:0 HLODRelevant:0
 |   |   |- [+] [ 12]
 |   |   |   |- Guid:22EDA1AE4134088F97AAEE98A3D727C5 BaseClass: NativeClass:/Script/Engine.SkeletalMeshActor Name:SkeletalMeshActor_UAID_B00CD162E1E7066002_1789840930 Label:Anim_Combo04 SpatiallyLoaded:1 Bounds:IsValid=true, Min=(X=1775.449 Y=513.006 Z=-0.007), Max=(X=1828.396 Y=607.127 Z=174.045) RuntimeGrid:None EditorOnly:0 RuntimeOnly:0 HLODRelevant:0
 |   |   |- [+] [ 13]
 |   |   |   |- Guid:695C6A3348A6216377AFF6A979B24CF2 BaseClass: NativeClass:/Script/Engine.SkeletalMeshActor Name:SkeletalMeshActor_UAID_B00CD162E1E7066002_1806303931 Label:Anim_Combo05 SpatiallyLoaded:1 Bounds:IsValid=true, Min=(X=581.521 Y=1293.032 Z=-0.006), Max=(X=634.747 Y=1387.274 Z=174.069) RuntimeGrid:None EditorOnly:0 RuntimeOnly:0 HLODRelevant:0
 |   |   |- [+] [ 14]
 |   |   |   |- Guid:5093A3ED4BE30F6D60D51394F8E3BE42 BaseClass: NativeClass:/Script/Engine.SkeletalMeshActor Name:SkeletalMeshActor_UAID_B00CD162E1E7066002_1808458932 Label:Anim_Combo06 SpatiallyLoaded:1 Bounds:IsValid=true, Min=(X=975.448 Y=1313.006 Z=-0.008), Max=(X=1028.395 Y=1407.127 Z=174.045) RuntimeGrid:None EditorOnly:0 RuntimeOnly:0 HLODRelevant:0
 |   |   |- [+] [ 15]
 |   |   |   |- Guid:4431067C46B9E2EAF74342878C36539D BaseClass: NativeClass:/Script/Engine.SkeletalMeshActor Name:SkeletalMeshActor_UAID_B00CD162E1E7066002_1811041933 Label:Anim_Combo07 SpatiallyLoaded:1 Bounds:IsValid=true, Min=(X=1371.530 Y=1303.034 Z=-0.009), Max=(X=1424.744 Y=1397.273 Z=174.068) RuntimeGrid:None EditorOnly:0 RuntimeOnly:0 HLODRelevant:0
 |   |   |- [+] [ 16]
 |   |   |   |- Guid:992443154FD5C20742A72B93DDACFADF BaseClass: NativeClass:/Script/Engine.SkeletalMeshActor Name:SkeletalMeshActor_UAID_B00CD162E1E7066002_1813909934 Label:Anim_Combo08 SpatiallyLoaded:1 Bounds:IsValid=true, Min=(X=1775.449 Y=1303.006 Z=-0.007), Max=(X=1828.396 Y=1397.125 Z=174.046) RuntimeGrid:None EditorOnly:0 RuntimeOnly:0 HLODRelevant:0
 |   |   |- [+] [ 17]
 |   |   |   |- Guid:ABA780E6408202A236C79581D3AD80C4 BaseClass: NativeClass:/Script/Engine.SkeletalMeshActor Name:SkeletalMeshActor_UAID_B00CD162E1E7066002_1818303935 Label:Anim_Combo09 SpatiallyLoaded:1 Bounds:IsValid=true, Min=(X=571.573 Y=2103.008 Z=-0.013), Max=(X=624.747 Y=2197.274 Z=174.069) RuntimeGrid:None EditorOnly:0 RuntimeOnly:0 HLODRelevant:0
 |   |   |- [+] [ 18]
 |   |   |   |- Guid:BD964E6D403837000F1EBEA3ABA05B17 BaseClass: NativeClass:/Script/Engine.SkeletalMeshActor Name:SkeletalMeshActor_UAID_B00CD162E1E7066002_1820729936 Label:Anim_Combo10 SpatiallyLoaded:1 Bounds:IsValid=true, Min=(X=975.449 Y=2103.006 Z=-0.007), Max=(X=1028.396 Y=2197.125 Z=174.045) RuntimeGrid:None EditorOnly:0 RuntimeOnly:0 HLODRelevant:0
 |   |   |- [+] [ 19]
 |   |   |   |- Guid:5E1BD19241058A62FDE1C6B73B3D0FC4 BaseClass: NativeClass:/Script/Engine.SkeletalMeshActor Name:SkeletalMeshActor_UAID_B00CD162E1E7066002_1823080937 Label:Anim_Combo11 SpatiallyLoaded:1 Bounds:IsValid=true, Min=(X=1381.584 Y=2103.009 Z=-0.018), Max=(X=1434.745 Y=2197.274 Z=174.068) RuntimeGrid:None EditorOnly:0 RuntimeOnly:0 HLODRelevant:0
 |   |   |- [+] [ 20]
 |   |   |   |- Guid:1C2C826C49B17B20A85EC084677CADEA BaseClass: NativeClass:/Script/Engine.SkeletalMeshActor Name:SkeletalMeshActor_UAID_B00CD162E1E7066002_1828489938 Label:Anim_Combo12 SpatiallyLoaded:1 Bounds:IsValid=true, Min=(X=1775.445 Y=2103.003 Z=-0.007), Max=(X=1828.398 Y=2197.127 Z=174.047) RuntimeGrid:None EditorOnly:0 RuntimeOnly:0 HLODRelevant:0
 |   |   |- [+] [ 21]
 |   |   |   |- Guid:5384B28E4D284134563513BCFA07D520 BaseClass: NativeClass:/Script/Engine.SkeletalMeshActor Name:SkeletalMeshActor_UAID_B00CD162E1E7066002_1837268939 Label:Anim_Combo13 SpatiallyLoaded:1 Bounds:IsValid=true, Min=(X=571.585 Y=2813.009 Z=-0.018), Max=(X=624.745 Y=2907.272 Z=174.068) RuntimeGrid:None EditorOnly:0 RuntimeOnly:0 HLODRelevant:0
 |   |   |- [+] [ 22]
 |   |   |   |- Guid:DF69E97C4D6E405DE8A168BBA26CF4CE BaseClass: NativeClass:/Script/Engine.SkeletalMeshActor Name:SkeletalMeshActor_UAID_B00CD162E1E7066002_1839635940 Label:Anim_Combo14 SpatiallyLoaded:1 Bounds:IsValid=true, Min=(X=975.463 Y=2813.008 Z=-0.004), Max=(X=1028.406 Y=2907.120 Z=174.047) RuntimeGrid:None EditorOnly:0 RuntimeOnly:0 HLODRelevant:0
 |   |   |- [+] [ 23]
 |   |   |   |- Guid:B1157ABE4DDCB51FC931A7A24AA5C8D9 BaseClass: NativeClass:/Script/Engine.SkeletalMeshActor Name:SkeletalMeshActor_UAID_B00CD162E1E7066002_1842250941 Label:Anim_Combo15 SpatiallyLoaded:1 Bounds:IsValid=true, Min=(X=1371.585 Y=2803.009 Z=-0.017), Max=(X=1424.745 Y=2897.272 Z=174.068) RuntimeGrid:None EditorOnly:0 RuntimeOnly:0 HLODRelevant:0
 |   |   |- [+] [ 24]
 |   |   |   |- Guid:0AA2D19B47BF6365FB2BBD8781120CB4 BaseClass: NativeClass:/Script/Engine.SkeletalMeshActor Name:SkeletalMeshActor_UAID_B00CD162E1E7066002_1844814942 Label:Anim_Combo16 SpatiallyLoaded:1 Bounds:IsValid=true, Min=(X=1775.446 Y=2793.002 Z=-0.004), Max=(X=1828.397 Y=2887.126 Z=174.045) RuntimeGrid:None EditorOnly:0 RuntimeOnly:0 HLODRelevant:0
 |   |   |- [+] [ 25]
 |   |   |   |- Guid:686E44E545F1A79D383500A47F487596 BaseClass: NativeClass:/Script/Engine.SkeletalMeshActor Name:SkeletalMeshActor_UAID_B00CD162E1E7066002_1850025943 Label:Anim_Combo17 SpatiallyLoaded:1 Bounds:IsValid=true, Min=(X=571.585 Y=3603.009 Z=-0.017), Max=(X=624.745 Y=3697.273 Z=174.069) RuntimeGrid:None EditorOnly:0 RuntimeOnly:0 HLODRelevant:0
 |   |   |- [+] [ 26]
 |   |   |   |- Guid:2D8F066A481065967886A1873FDB55D1 BaseClass: NativeClass:/Script/Engine.SkeletalMeshActor Name:SkeletalMeshActor_UAID_B00CD162E1E7066002_1851939944 Label:Anim_Combo18 SpatiallyLoaded:1 Bounds:IsValid=true, Min=(X=985.448 Y=3603.006 Z=-0.007), Max=(X=1038.396 Y=3697.127 Z=174.045) RuntimeGrid:None EditorOnly:0 RuntimeOnly:0 HLODRelevant:0
 |   |   |- [+] [ 27]
 |   |   |   |- Guid:894779A149BFAFB4D9F6D29032F15F0F BaseClass: NativeClass:/Script/Engine.SkeletalMeshActor Name:SkeletalMeshActor_UAID_B00CD162E1E7066002_1853588945 Label:Anim_Combo19 SpatiallyLoaded:1 Bounds:IsValid=true, Min=(X=1365.439 Y=3602.934 Z=0.000), Max=(X=1418.434 Y=3697.120 Z=174.137) RuntimeGrid:None EditorOnly:0 RuntimeOnly:0 HLODRelevant:0
 |   |   |- [+] [ 28]
 |   |   |   |- Guid:35CFEB0346288030D3DF84B93638D056 BaseClass: NativeClass:/Script/Engine.SkeletalMeshActor Name:SkeletalMeshActor_UAID_B00CD162E1E7066002_1855684946 Label:Anim_Combo20 SpatiallyLoaded:1 Bounds:IsValid=true, Min=(X=1781.600 Y=3593.001 Z=-0.006), Max=(X=1834.567 Y=3687.129 Z=174.140) RuntimeGrid:None EditorOnly:0 RuntimeOnly:0 HLODRelevant:0
 |   |   |- [+] [ 29]
 |   |   |   |- Guid:169404A247110C029F38D5A7AA5DD743 BaseClass: NativeClass:/Script/Engine.SkeletalMeshActor Name:SkeletalMeshActor_UAID_B00CD162E1E7066002_1862870947 Label:Anim_Combo21 SpatiallyLoaded:1 Bounds:IsValid=true, Min=(X=581.585 Y=4313.009 Z=-0.018), Max=(X=634.745 Y=4407.272 Z=174.068) RuntimeGrid:None EditorOnly:0 RuntimeOnly:0 HLODRelevant:0
 |   |   |- [+] [ 30]
 |   |   |   |- Guid:E92455E0423FC58FCA34028DEF9309CC BaseClass: NativeClass:/Script/Engine.SkeletalMeshActor Name:SkeletalMeshActor_UAID_B00CD162E1E7066002_1865215948 Label:Anim_Combo22 SpatiallyLoaded:1 Bounds:IsValid=true, Min=(X=975.443 Y=4303.004 Z=-0.004), Max=(X=1028.400 Y=4397.126 Z=174.047) RuntimeGrid:None EditorOnly:0 RuntimeOnly:0 HLODRelevant:0
 |   |   |- [+] [ 31]
 |   |   |   |- Guid:1960EB7E401DD8D052474D8F87B8CFD4 BaseClass: NativeClass:/Script/Engine.SkeletalMeshActor Name:SkeletalMeshActor_UAID_B00CD162E1E7066002_1867361949 Label:Anim_Combo23 SpatiallyLoaded:1 Bounds:IsValid=true, Min=(X=1365.439 Y=4302.934 Z=-0.004), Max=(X=1418.403 Y=4397.135 Z=174.137) RuntimeGrid:None EditorOnly:0 RuntimeOnly:0 HLODRelevant:0
 |   |   |- [+] [ 32]
 |   |   |   |- Guid:5745CF5E4243283A5B1E00A0B6F0B900 BaseClass: NativeClass:/Script/Engine.SkeletalMeshActor Name:SkeletalMeshActor_UAID_B00CD162E1E7066002_1870119950 Label:Anim_Combo24 SpatiallyLoaded:1 Bounds:IsValid=true, Min=(X=1781.595 Y=4303.008 Z=-0.005), Max=(X=1834.554 Y=4397.123 Z=174.134) RuntimeGrid:None EditorOnly:0 RuntimeOnly:0 HLODRelevant:0
 |   |   |- [+] [ 33]
 |   |   |   |- Guid:55B299F84D57C61AC6A46DBC913400EA BaseClass: NativeClass:/Script/Engine.SkeletalMeshActor Name:SkeletalMeshActor_UAID_B00CD162E1E7066002_1875825951 Label:Anim_Combo25 SpatiallyLoaded:1 Bounds:IsValid=true, Min=(X=575.443 Y=5002.933 Z=0.004), Max=(X=628.423 Y=5097.137 Z=174.139) RuntimeGrid:None EditorOnly:0 RuntimeOnly:0 HLODRelevant:0
 |   |   |- [+] [ 34]
 |   |   |   |- Guid:0F07B72B4B3392840DCE4FA6A37FD904 BaseClass: NativeClass:/Script/Engine.SkeletalMeshActor Name:SkeletalMeshActor_UAID_B00CD162E1E7066002_1877992952 Label:Anim_Combo26 SpatiallyLoaded:1 Bounds:IsValid=true, Min=(X=971.598 Y=5003.001 Z=-0.006), Max=(X=1024.570 Y=5097.125 Z=174.140) RuntimeGrid:None EditorOnly:0 RuntimeOnly:0 HLODRelevant:0
 |   |   |- [+] [ 35]
 |   |   |   |- Guid:963B578E4FFD04C142FFB1868F95B0B0 BaseClass: NativeClass:/Script/Engine.SkeletalMeshActor Name:SkeletalMeshActor_UAID_B00CD162E1E7066002_1880266953 Label:Anim_Combo27 SpatiallyLoaded:1 Bounds:IsValid=true, Min=(X=1375.437 Y=5002.937 Z=-0.004), Max=(X=1428.403 Y=5097.135 Z=174.137) RuntimeGrid:None EditorOnly:0 RuntimeOnly:0 HLODRelevant:0
 |   |   |- [+] [ 36]
 |   |   |   |- Guid:4302B4754CB9D007D0C6888CA24DB673 BaseClass: NativeClass:/Script/Engine.SkeletalMeshActor Name:SkeletalMeshActor_UAID_B00CD162E1E7066002_1882540954 Label:Anim_Combo28 SpatiallyLoaded:1 Bounds:IsValid=true, Min=(X=1771.600 Y=5003.003 Z=-0.006), Max=(X=1824.567 Y=5097.129 Z=174.139) RuntimeGrid:None EditorOnly:0 RuntimeOnly:0 HLODRelevant:0
 |   |   |- [+] [ 37]
 |   |   |   |- Guid:36798D7646C6E9D0AC9AC19486E05C4D BaseClass: NativeClass:/Script/Engine.SkeletalMeshActor Name:SkeletalMeshActor_UAID_B00CD162E1E7066002_1936543955 Label:Anim_Elbow01 SpatiallyLoaded:1 Bounds:IsValid=true, Min=(X=565.440 Y=6242.935 Z=-0.002), Max=(X=618.406 Y=6337.135 Z=174.129) RuntimeGrid:None EditorOnly:0 RuntimeOnly:0 HLODRelevant:0
 |   |   |- [+] [ 38]
 |   |   |   |- Guid:20975F324AA817BB80E7A19D77F5D6BF BaseClass: NativeClass:/Script/Engine.SkeletalMeshActor Name:SkeletalMeshActor_UAID_B00CD162E1E7066002_1938452956 Label:Anim_Elbow02 SpatiallyLoaded:1 Bounds:IsValid=true, Min=(X=991.597 Y=6253.005 Z=-0.005), Max=(X=1044.557 Y=6347.123 Z=174.125) RuntimeGrid:None EditorOnly:0 RuntimeOnly:0 HLODRelevant:0
 |   |   |- [+] [ 39]
 |   |   |   |- Guid:954E2A574C9417C25A378799FC6D5B56 BaseClass: NativeClass:/Script/Engine.SkeletalMeshActor Name:SkeletalMeshActor_UAID_B00CD162E1E7066002_1964646957 Label:Anim_Knee01 SpatiallyLoaded:1 Bounds:IsValid=true, Min=(X=581.582 Y=6913.009 Z=-0.016), Max=(X=634.744 Y=7007.274 Z=174.069) RuntimeGrid:None EditorOnly:0 RuntimeOnly:0 HLODRelevant:0
 |   |   |- [+] [ 40]
 |   |   |   |- Guid:C7BBB2F242DC0C07561B8EA6CDC197C3 BaseClass: NativeClass:/Script/Engine.SkeletalMeshActor Name:SkeletalMeshActor_UAID_B00CD162E1E7066002_1967536958 Label:Anim_Knee02 SpatiallyLoaded:1 Bounds:IsValid=true, Min=(X=985.447 Y=6913.001 Z=-0.004), Max=(X=1038.403 Y=7007.128 Z=174.046) RuntimeGrid:None EditorOnly:0 RuntimeOnly:0 HLODRelevant:0
 |   |   |- [+] [ 41]
 |   |   |   |- Guid:8A6D317643F6BD2B48AE38815D39F6F3 BaseClass: NativeClass:/Script/Engine.SkeletalMeshActor Name:SkeletalMeshActor_UAID_B00CD162E1E7066002_1987102959 Label:Anim_BackPose01 SpatiallyLoaded:1 Bounds:IsValid=true, Min=(X=575.443 Y=8202.933 Z=0.001), Max=(X=628.393 Y=8297.152 Z=174.139) RuntimeGrid:None EditorOnly:0 RuntimeOnly:0 HLODRelevant:0
 |   |   |- [+] [ 42]
 |   |   |   |- Guid:7DE9AC1A4E2B2459D4141CA13D9B3D7F BaseClass: NativeClass:/Script/Engine.SkeletalMeshActor Name:SkeletalMeshActor_UAID_B00CD162E1E7066002_1990617960 Label:Anim_BackPose02 SpatiallyLoaded:1 Bounds:IsValid=true, Min=(X=971.597 Y=8203.006 Z=-0.005), Max=(X=1024.557 Y=8297.124 Z=174.134) RuntimeGrid:None EditorOnly:0 RuntimeOnly:0 HLODRelevant:0
 |   |   |- [+] [ 43]
 |   |   |   |- Guid:E66F627B435A0AE45F59538A661626D0 BaseClass: NativeClass:/Script/Engine.SkeletalMeshActor Name:SkeletalMeshActor_UAID_B00CD162E1E7066002_1993582961 Label:Anim_Pose01 SpatiallyLoaded:1 Bounds:IsValid=true, Min=(X=1361.573 Y=8203.008 Z=-0.012), Max=(X=1414.746 Y=8297.273 Z=174.069) RuntimeGrid:None EditorOnly:0 RuntimeOnly:0 HLODRelevant:0
 |   |   |- [+] [ 44]
 |   |   |   |- Guid:4984F4AB49F762904C2816B1A3F76025 BaseClass: NativeClass:/Script/Engine.SkeletalMeshActor Name:SkeletalMeshActor_UAID_B00CD162E1E7066002_1995618962 Label:Anim_Pose02 SpatiallyLoaded:1 Bounds:IsValid=true, Min=(X=1775.448 Y=8213.006 Z=-0.006), Max=(X=1828.396 Y=8307.128 Z=174.046) RuntimeGrid:None EditorOnly:0 RuntimeOnly:0 HLODRelevant:0
 |   |   |- [+] [ 45]
 |   |   |   |- Guid:73F9DC11436C0DA1FA40D9927F1A1A4F BaseClass: NativeClass:/Script/Engine.SkeletalMeshActor Name:SkeletalMeshActor_UAID_B00CD162E1E7066002_2020678963 Label:Anim_Kick01 SpatiallyLoaded:1 Bounds:IsValid=true, Min=(X=2975.423 Y=492.930 Z=-0.002), Max=(X=3028.440 Y=587.113 Z=174.141) RuntimeGrid:None EditorOnly:0 RuntimeOnly:0 HLODRelevant:0
 |   |   |- [+] [ 46]
 |   |   |   |- Guid:5346A40C4E180F661BF7739D63FD7F74 BaseClass: NativeClass:/Script/Engine.SkeletalMeshActor Name:SkeletalMeshActor_UAID_B00CD162E1E7066002_2024429964 Label:Anim_Kick02 SpatiallyLoaded:1 Bounds:IsValid=true, Min=(X=3381.598 Y=513.001 Z=-0.006), Max=(X=3434.571 Y=607.125 Z=174.139) RuntimeGrid:None EditorOnly:0 RuntimeOnly:0 HLODRelevant:0
 |   |   |- [+] [ 47]
 |   |   |   |- Guid:3AE3ADEF4B9B66D8E820CFBE187C6B46 BaseClass: NativeClass:/Script/Engine.SkeletalMeshActor Name:SkeletalMeshActor_UAID_B00CD162E1E7066002_2027249965 Label:Anim_Kick03 SpatiallyLoaded:1 Bounds:IsValid=true, Min=(X=3771.573 Y=513.007 Z=-0.013), Max=(X=3824.748 Y=607.273 Z=174.069) RuntimeGrid:None EditorOnly:0 RuntimeOnly:0 HLODRelevant:0
 |   |   |- [+] [ 48]
 |   |   |   |- Guid:B001BB7A484E8F2F4D358384F6B10827 BaseClass: NativeClass:/Script/Engine.SkeletalMeshActor Name:SkeletalMeshActor_UAID_B00CD162E1E7066002_2030099966 Label:Anim_Kick04 SpatiallyLoaded:1 Bounds:IsValid=true, Min=(X=4175.449 Y=503.006 Z=-0.007), Max=(X=4228.396 Y=597.127 Z=174.045) RuntimeGrid:None EditorOnly:0 RuntimeOnly:0 HLODRelevant:0
 |   |   |- [+] [ 49]
 |   |   |   |- Guid:EE5685A142105E394A40EA92C6E77C4C BaseClass: NativeClass:/Script/Engine.SkeletalMeshActor Name:SkeletalMeshActor_UAID_B00CD162E1E7066002_2037641967 Label:Anim_Kick05 SpatiallyLoaded:1 Bounds:IsValid=true, Min=(X=4581.530 Y=503.034 Z=-0.010), Max=(X=4634.746 Y=597.274 Z=174.069) RuntimeGrid:None EditorOnly:0 RuntimeOnly:0 HLODRelevant:0
 |   |   |- [+] [ 50]
 |   |   |   |- Guid:70FD628643D5BD7AC8D0B69B5BF23489 BaseClass: NativeClass:/Script/Engine.SkeletalMeshActor Name:SkeletalMeshActor_UAID_B00CD162E1E7066002_2041188968 Label:Anim_Kick06 SpatiallyLoaded:1 Bounds:IsValid=true, Min=(X=4985.448 Y=513.006 Z=-0.007), Max=(X=5038.398 Y=607.128 Z=174.046) RuntimeGrid:None EditorOnly:0 RuntimeOnly:0 HLODRelevant:0
 |   |   |- [+] [ 51]
 |   |   |   |- Guid:FAE92D57493866FCFA4D848430ED8520 BaseClass: NativeClass:/Script/Engine.SkeletalMeshActor Name:SkeletalMeshActor_UAID_B00CD162E1E7066002_2050137969 Label:Anim_Kick07 SpatiallyLoaded:1 Bounds:IsValid=true, Min=(X=2971.585 Y=1113.009 Z=-0.018), Max=(X=3024.744 Y=1207.273 Z=174.068) RuntimeGrid:None EditorOnly:0 RuntimeOnly:0 HLODRelevant:0
 |   |   |- [+] [ 52]
 |   |   |   |- Guid:4DEAAE0B4F3A67AA799A449E73A997A0 BaseClass: NativeClass:/Script/Engine.SkeletalMeshActor Name:SkeletalMeshActor_UAID_B00CD162E1E7066002_2053122970 Label:Anim_Kick08 SpatiallyLoaded:1 Bounds:IsValid=true, Min=(X=3385.445 Y=1103.005 Z=-0.005), Max=(X=3438.401 Y=1197.129 Z=174.047) RuntimeGrid:None EditorOnly:0 RuntimeOnly:0 HLODRelevant:0
 |   |   |- [+] [ 53]
 |   |   |   |- Guid:FBD418594BD93126D8BC2E9479B2D696 BaseClass: NativeClass:/Script/Engine.SkeletalMeshActor Name:SkeletalMeshActor_UAID_B00CD162E1E7066002_2055664971 Label:Anim_Kick09 SpatiallyLoaded:1 Bounds:IsValid=true, Min=(X=3781.530 Y=1103.034 Z=-0.009), Max=(X=3834.744 Y=1197.273 Z=174.069) RuntimeGrid:None EditorOnly:0 RuntimeOnly:0 HLODRelevant:0
 |   |   |- [+] [ 54]
 |   |   |   |- Guid:CAF52EC74E6A07FD15087E87243A2852 BaseClass: NativeClass:/Script/Engine.SkeletalMeshActor Name:SkeletalMeshActor_UAID_B00CD162E1E7066002_2059203972 Label:Anim_Kick10 SpatiallyLoaded:1 Bounds:IsValid=true, Min=(X=4175.464 Y=1103.007 Z=-0.004), Max=(X=4228.405 Y=1197.118 Z=174.046) RuntimeGrid:None EditorOnly:0 RuntimeOnly:0 HLODRelevant:0
 |   |   |- [+] [ 55]
 |   |   |   |- Guid:187EBE374B41441A0E8AB6A6D441D1C5 BaseClass: NativeClass:/Script/Engine.SkeletalMeshActor Name:SkeletalMeshActor_UAID_B00CD162E1E7066002_2061326973 Label:Anim_Kick11 SpatiallyLoaded:1 Bounds:IsValid=true, Min=(X=4581.527 Y=1103.034 Z=-0.009), Max=(X=4634.744 Y=1197.274 Z=174.069) RuntimeGrid:None EditorOnly:0 RuntimeOnly:0 HLODRelevant:0
 |   |   |- [+] [ 56]
 |   |   |   |- Guid:7041BC4441C55F36756220A0C54A52EA BaseClass: NativeClass:/Script/Engine.SkeletalMeshActor Name:SkeletalMeshActor_UAID_B00CD162E1E7066002_2063341974 Label:Anim_Kick12 SpatiallyLoaded:1 Bounds:IsValid=true, Min=(X=4975.449 Y=1113.006 Z=-0.007), Max=(X=5028.396 Y=1207.127 Z=174.045) RuntimeGrid:None EditorOnly:0 RuntimeOnly:0 HLODRelevant:0
 |   |   |- [+] [ 57]
 |   |   |   |- Guid:9D4E060A469FFC9C3E79C4B1C4DF664E BaseClass: NativeClass:/Script/Engine.SkeletalMeshActor Name:SkeletalMeshActor_UAID_B00CD162E1E7066002_2078349975 Label:Anim_Kick13 SpatiallyLoaded:1 Bounds:IsValid=true, Min=(X=2981.585 Y=1723.009 Z=-0.017), Max=(X=3034.744 Y=1817.273 Z=174.069) RuntimeGrid:None EditorOnly:0 RuntimeOnly:0 HLODRelevant:0
 |   |   |- [+] [ 58]
 |   |   |   |- Guid:4A74E7E24586D83A435B68AE453F8250 BaseClass: NativeClass:/Script/Engine.SkeletalMeshActor Name:SkeletalMeshActor_UAID_B00CD162E1E7066002_2082429976 Label:Anim_Kick14 SpatiallyLoaded:1 Bounds:IsValid=true, Min=(X=3385.448 Y=1723.006 Z=-0.006), Max=(X=3438.396 Y=1817.128 Z=174.046) RuntimeGrid:None EditorOnly:0 RuntimeOnly:0 HLODRelevant:0
 |   |   |- [+] [ 59]
 |   |   |   |- Guid:08650B3C45218B938B54BFBFB1D44FA6 BaseClass: NativeClass:/Script/Engine.SkeletalMeshActor Name:SkeletalMeshActor_UAID_B00CD162E1E7066002_2085273977 Label:Anim_Kick15 SpatiallyLoaded:1 Bounds:IsValid=true, Min=(X=3771.573 Y=1723.007 Z=-0.012), Max=(X=3824.748 Y=1817.274 Z=174.069) RuntimeGrid:None EditorOnly:0 RuntimeOnly:0 HLODRelevant:0
 |   |   |- [+] [ 60]
 |   |   |   |- Guid:03EA0B6B459A2B41793A16AEA9A02F49 BaseClass: NativeClass:/Script/Engine.SkeletalMeshActor Name:SkeletalMeshActor_UAID_B00CD162E1E7066002_2087915978 Label:Anim_Kick16 SpatiallyLoaded:1 Bounds:IsValid=true, Min=(X=4175.449 Y=1733.006 Z=-0.007), Max=(X=4228.396 Y=1827.127 Z=174.045) RuntimeGrid:None EditorOnly:0 RuntimeOnly:0 HLODRelevant:0
 |   |   |- [+] [ 61]
 |   |   |   |- Guid:44D009B041D70BC763041193128B869A BaseClass: NativeClass:/Script/Engine.SkeletalMeshActor Name:SkeletalMeshActor_UAID_B00CD162E1E7066002_2090764979 Label:Anim_Kick17 SpatiallyLoaded:1 Bounds:IsValid=true, Min=(X=4581.585 Y=1713.009 Z=-0.019), Max=(X=4634.744 Y=1807.274 Z=174.068) RuntimeGrid:None EditorOnly:0 RuntimeOnly:0 HLODRelevant:0
 |   |   |- [+] [ 62]
 |   |   |   |- Guid:45626D3A4B3297657D82B797625B23A0 BaseClass: NativeClass:/Script/Engine.SkeletalMeshActor Name:SkeletalMeshActor_UAID_B00CD162E1E7066002_2093763980 Label:Anim_Kick18 SpatiallyLoaded:1 Bounds:IsValid=true, Min=(X=4975.448 Y=1723.002 Z=-0.006), Max=(X=5028.400 Y=1817.127 Z=174.045) RuntimeGrid:None EditorOnly:0 RuntimeOnly:0 HLODRelevant:0
 |   |   |- [+] [ 63]
 |   |   |   |- Guid:A80DABB0481541AB8F750E977CB1C543 BaseClass: NativeClass:/Script/Engine.SkeletalMeshActor Name:SkeletalMeshActor_UAID_B00CD162E1E7066002_2108338981 Label:Anim_Kick19 SpatiallyLoaded:1 Bounds:IsValid=true, Min=(X=2991.530 Y=2403.034 Z=-0.010), Max=(X=3044.745 Y=2497.276 Z=174.067) RuntimeGrid:None EditorOnly:0 RuntimeOnly:0 HLODRelevant:0
 |   |   |- [+] [ 64]
 |   |   |   |- Guid:096CC18C45EF7E788A8176AFA8E6F6A9 BaseClass: NativeClass:/Script/Engine.SkeletalMeshActor Name:SkeletalMeshActor_UAID_B00CD162E1E7066002_2111748982 Label:Anim_Kick20 SpatiallyLoaded:1 Bounds:IsValid=true, Min=(X=3395.450 Y=2413.010 Z=-0.009), Max=(X=3448.396 Y=2507.128 Z=174.048) RuntimeGrid:None EditorOnly:0 RuntimeOnly:0 HLODRelevant:0
 |   |   |- [+] [ 65]
 |   |   |   |- Guid:D3E023AC413B8A4774CB14851BE94E2C BaseClass: NativeClass:/Script/Engine.SkeletalMeshActor Name:SkeletalMeshActor_UAID_B00CD162E1E7066002_2114043983 Label:Anim_Kick21 SpatiallyLoaded:1 Bounds:IsValid=true, Min=(X=3771.576 Y=2403.008 Z=-0.013), Max=(X=3824.746 Y=2497.275 Z=174.069) RuntimeGrid:None EditorOnly:0 RuntimeOnly:0 HLODRelevant:0
 |   |   |- [+] [ 66]
 |   |   |   |- Guid:AC342A8A44A3744C640B7E9F85D7E247 BaseClass: NativeClass:/Script/Engine.SkeletalMeshActor Name:SkeletalMeshActor_UAID_B00CD162E1E7066002_2116575984 Label:Anim_Kick22 SpatiallyLoaded:1 Bounds:IsValid=true, Min=(X=4175.467 Y=2413.011 Z=-0.008), Max=(X=4228.402 Y=2507.120 Z=174.047) RuntimeGrid:None EditorOnly:0 RuntimeOnly:0 HLODRelevant:0
 |   |   |- [+] [ 67]
 |   |   |   |- Guid:11A37005489041B095BFD281F9BDFAE0 BaseClass: NativeClass:/Script/Engine.SkeletalMeshActor Name:SkeletalMeshActor_UAID_B00CD162E1E7066002_2118715985 Label:Anim_Kick23 SpatiallyLoaded:1 Bounds:IsValid=true, Min=(X=4571.584 Y=2413.009 Z=-0.017), Max=(X=4624.745 Y=2507.273 Z=174.068) RuntimeGrid:None EditorOnly:0 RuntimeOnly:0 HLODRelevant:0
 |   |   |- [+] [ 68]
 |   |   |   |- Guid:4960AAB542EBCA6FC3FE75BB65B9B99B BaseClass: NativeClass:/Script/Engine.SkeletalMeshActor Name:SkeletalMeshActor_UAID_B00CD162E1E7066002_2120784986 Label:Anim_Kick24 SpatiallyLoaded:1 Bounds:IsValid=true, Min=(X=4975.445 Y=2413.002 Z=-0.006), Max=(X=5028.398 Y=2507.127 Z=174.047) RuntimeGrid:None EditorOnly:0 RuntimeOnly:0 HLODRelevant:0
 |   |   |- [+] [ 69]
 |   |   |   |- Guid:41D4D5EC4E33DE9A868EA785C69A6210 BaseClass: NativeClass:/Script/Engine.SkeletalMeshActor Name:SkeletalMeshActor_UAID_B00CD162E1E7066002_2137955987 Label:Anim_Kick25 SpatiallyLoaded:1 Bounds:IsValid=true, Min=(X=2991.576 Y=3103.007 Z=-0.013), Max=(X=3044.747 Y=3197.274 Z=174.069) RuntimeGrid:None EditorOnly:0 RuntimeOnly:0 HLODRelevant:0
 |   |   |- [+] [ 70]
 |   |   |   |- Guid:1F4988E447231791D0BA6BACB5D02841 BaseClass: NativeClass:/Script/Engine.SkeletalMeshActor Name:SkeletalMeshActor_UAID_B00CD162E1E7066002_2142733988 Label:Anim_Kick26 SpatiallyLoaded:1 Bounds:IsValid=true, Min=(X=3385.448 Y=3113.006 Z=-0.007), Max=(X=3438.396 Y=3207.125 Z=174.046) RuntimeGrid:None EditorOnly:0 RuntimeOnly:0 HLODRelevant:0
 |   |   |- [+] [ 71]
 |   |   |   |- Guid:F8F38EB046BD28BDA2B791A62D1DCD23 BaseClass: NativeClass:/Script/Engine.SkeletalMeshActor Name:SkeletalMeshActor_UAID_B00CD162E1E7066002_2144963989 Label:Anim_Kick27 SpatiallyLoaded:1 Bounds:IsValid=true, Min=(X=3771.585 Y=3113.009 Z=-0.017), Max=(X=3824.745 Y=3207.272 Z=174.068) RuntimeGrid:None EditorOnly:0 RuntimeOnly:0 HLODRelevant:0
 |   |   |- [+] [ 72]
 |   |   |   |- Guid:509D7E504711E5A59CFAAAB124B96A21 BaseClass: NativeClass:/Script/Engine.SkeletalMeshActor Name:SkeletalMeshActor_UAID_B00CD162E1E7066002_2147246990 Label:Anim_Kick28 SpatiallyLoaded:1 Bounds:IsValid=true, Min=(X=4185.445 Y=3113.004 Z=-0.005), Max=(X=4238.398 Y=3207.130 Z=174.048) RuntimeGrid:None EditorOnly:0 RuntimeOnly:0 HLODRelevant:0
 |   |   |- [+] [ 73]
 |   |   |   |- Guid:F70F37754FE1D475517436BF62DBED3C BaseClass: NativeClass:/Script/Engine.SkeletalMeshActor Name:SkeletalMeshActor_UAID_B00CD162E1E7076002_1076152167 Label:Anim_Kick29 SpatiallyLoaded:1 Bounds:IsValid=true, Min=(X=4565.048 Y=3112.717 Z=-0.000), Max=(X=4618.056 Y=3206.910 Z=174.143) RuntimeGrid:None EditorOnly:0 RuntimeOnly:0 HLODRelevant:0
 |   |   |- [+] [ 74]
 |   |   |   |- Guid:120C23D042BAF47BC687DC9C91CFB004 BaseClass: NativeClass:/Script/Engine.SkeletalMeshActor Name:SkeletalMeshActor_UAID_B00CD162E1E7076002_1079271168 Label:Anim_Kick30 SpatiallyLoaded:1 Bounds:IsValid=true, Min=(X=4981.973 Y=3102.782 Z=-0.008), Max=(X=5034.957 Y=3196.914 Z=174.146) RuntimeGrid:None EditorOnly:0 RuntimeOnly:0 HLODRelevant:0
 |   |   |- [+] [ 75]
 |   |   |   |- Guid:43769B2F457017079D6B819F5E4D6216 BaseClass: NativeClass:/Script/Engine.SkeletalMeshActor Name:SkeletalMeshActor_UAID_B00CD162E1E7076002_1099731169 Label:Anim_Kick31 SpatiallyLoaded:1 Bounds:IsValid=true, Min=(X=2975.063 Y=3712.515 Z=-0.004), Max=(X=3028.048 Y=3806.716 Z=174.144) RuntimeGrid:None EditorOnly:0 RuntimeOnly:0 HLODRelevant:0
 |   |   |- [+] [ 76]
 |   |   |   |- Guid:789677A2489AFE75957A1FB85FC256C0 BaseClass: NativeClass:/Script/Engine.SkeletalMeshActor Name:SkeletalMeshActor_UAID_B00CD162E1E7076002_1103716170 Label:Anim_Kick32 SpatiallyLoaded:1 Bounds:IsValid=true, Min=(X=3391.953 Y=3712.581 Z=-0.005), Max=(X=3444.942 Y=3806.714 Z=174.146) RuntimeGrid:None EditorOnly:0 RuntimeOnly:0 HLODRelevant:0
 |   |   |- [+] [ 77]
 |   |   |   |- Guid:4EFBAACD44890A8C2EAD7390C02AB953 BaseClass: NativeClass:/Script/Engine.SkeletalMeshActor Name:SkeletalMeshActor_UAID_B00CD162E1E7076002_1105981171 Label:Anim_Kick33 SpatiallyLoaded:1 Bounds:IsValid=true, Min=(X=3771.576 Y=3713.007 Z=-0.013), Max=(X=3824.746 Y=3807.274 Z=174.069) RuntimeGrid:None EditorOnly:0 RuntimeOnly:0 HLODRelevant:0
 |   |   |- [+] [ 78]
 |   |   |   |- Guid:1B869076447C5844AA87538435C918CC BaseClass: NativeClass:/Script/Engine.SkeletalMeshActor Name:SkeletalMeshActor_UAID_B00CD162E1E7076002_1108514172 Label:Anim_Kick34 SpatiallyLoaded:1 Bounds:IsValid=true, Min=(X=4185.448 Y=3713.006 Z=-0.006), Max=(X=4238.396 Y=3807.130 Z=174.046) RuntimeGrid:None EditorOnly:0 RuntimeOnly:0 HLODRelevant:0
 |   |   |- [+] [ 79]
 |   |   |   |- Guid:21C746AD4E6F6162DC1087B77EF5C266 BaseClass: NativeClass:/Script/Engine.SkeletalMeshActor Name:SkeletalMeshActor_UAID_B00CD162E1E7076002_1110572173 Label:Anim_Kick35 SpatiallyLoaded:1 Bounds:IsValid=true, Min=(X=4571.527 Y=3723.034 Z=-0.009), Max=(X=4624.745 Y=3817.274 Z=174.069) RuntimeGrid:None EditorOnly:0 RuntimeOnly:0 HLODRelevant:0
 |   |   |- [+] [ 80]
 |   |   |   |- Guid:14C6BB19468B80CD92948FB0BD207DFA BaseClass: NativeClass:/Script/Engine.SkeletalMeshActor Name:SkeletalMeshActor_UAID_B00CD162E1E7076002_1112509174 Label:Anim_Kick36 SpatiallyLoaded:1 Bounds:IsValid=true, Min=(X=4985.447 Y=3723.002 Z=-0.005), Max=(X=5038.397 Y=3817.125 Z=174.046) RuntimeGrid:None EditorOnly:0 RuntimeOnly:0 HLODRelevant:0
 |   |   |- [+] [ 81]
 |   |   |   |- Guid:49A09461453316BEE85440AFFB5B0DC0 BaseClass: NativeClass:/Script/Engine.SkeletalMeshActor Name:SkeletalMeshActor_UAID_B00CD162E1E7076002_1123334175 Label:Anim_Kick37 SpatiallyLoaded:1 Bounds:IsValid=true, Min=(X=2971.584 Y=4303.009 Z=-0.018), Max=(X=3024.745 Y=4397.273 Z=174.069) RuntimeGrid:None EditorOnly:0 RuntimeOnly:0 HLODRelevant:0
 |   |   |- [+] [ 82]
 |   |   |   |- Guid:27C37D7D4CD737912079A9AEA8194993 BaseClass: NativeClass:/Script/Engine.SkeletalMeshActor Name:SkeletalMeshActor_UAID_B00CD162E1E7076002_1127092176 Label:Anim_Kick38 SpatiallyLoaded:1 Bounds:IsValid=true, Min=(X=3385.447 Y=4313.002 Z=-0.005), Max=(X=3438.397 Y=4407.126 Z=174.045) RuntimeGrid:None EditorOnly:0 RuntimeOnly:0 HLODRelevant:0
 |   |   |- [+] [ 83]
 |   |   |   |- Guid:ADDB49524741139D6F5D80B13C1EE1AC BaseClass: NativeClass:/Script/Engine.SkeletalMeshActor Name:SkeletalMeshActor_UAID_B00CD162E1E7076002_1129270177 Label:Anim_Kick39 SpatiallyLoaded:1 Bounds:IsValid=true, Min=(X=3775.442 Y=4312.933 Z=0.004), Max=(X=3828.423 Y=4407.137 Z=174.138) RuntimeGrid:None EditorOnly:0 RuntimeOnly:0 HLODRelevant:0
 |   |   |- [+] [ 84]
 |   |   |   |- Guid:88D4E0CA42ABE07BE889C09B83428C5B BaseClass: NativeClass:/Script/Engine.SkeletalMeshActor Name:SkeletalMeshActor_UAID_B00CD162E1E7076002_1132486178 Label:Anim_Kick40 SpatiallyLoaded:1 Bounds:IsValid=true, Min=(X=4181.600 Y=4313.002 Z=-0.005), Max=(X=4234.567 Y=4407.129 Z=174.139) RuntimeGrid:None EditorOnly:0 RuntimeOnly:0 HLODRelevant:0
 |   |   |- [+] [ 85]
 |   |   |   |- Guid:2C0D024542F2070D216F82A9031D74A2 BaseClass: NativeClass:/Script/Engine.SkeletalMeshActor Name:SkeletalMeshActor_UAID_B00CD162E1E7076002_1135943179 Label:Anim_Kick41 SpatiallyLoaded:1 Bounds:IsValid=true, Min=(X=4575.439 Y=4312.933 Z=0.001), Max=(X=4628.436 Y=4407.118 Z=174.137) RuntimeGrid:None EditorOnly:0 RuntimeOnly:0 HLODRelevant:0
 |   |   |- [+] [ 86]
 |   |   |   |- Guid:8662E2A240B8EDD0F9E5BFA3B29D8DD4 BaseClass: NativeClass:/Script/Engine.SkeletalMeshActor Name:SkeletalMeshActor_UAID_B00CD162E1E7076002_1139291180 Label:Anim_Kick42 SpatiallyLoaded:1 Bounds:IsValid=true, Min=(X=4981.600 Y=4313.002 Z=-0.006), Max=(X=5034.567 Y=4407.129 Z=174.139) RuntimeGrid:None EditorOnly:0 RuntimeOnly:0 HLODRelevant:0
 |   |   |- [+] [ 87]
 |   |   |   |- Guid:7C66EDDE4E83D1D4E6E88DA39A3BED14 BaseClass: NativeClass:/Script/Engine.SkeletalMeshActor Name:SkeletalMeshActor_UAID_B00CD162E1E7076002_1153813181 Label:Anim_Kick43 SpatiallyLoaded:1 Bounds:IsValid=true, Min=(X=2975.440 Y=5002.936 Z=0.001), Max=(X=3028.436 Y=5097.118 Z=174.137) RuntimeGrid:None EditorOnly:0 RuntimeOnly:0 HLODRelevant:0
 |   |   |- [+] [ 88]
 |   |   |   |- Guid:0EBC52B34F4497B1EF5922AA15DD9762 BaseClass: NativeClass:/Script/Engine.SkeletalMeshActor Name:SkeletalMeshActor_UAID_B00CD162E1E7076002_1157680182 Label:Anim_Kick44 SpatiallyLoaded:1 Bounds:IsValid=true, Min=(X=3391.601 Y=5013.001 Z=-0.006), Max=(X=3444.566 Y=5107.126 Z=174.139) RuntimeGrid:None EditorOnly:0 RuntimeOnly:0 HLODRelevant:0
 |   |   |- [+] [ 89]
 |   |   |   |- Guid:16A8E2E74A91526D82B218BBE711E50F BaseClass: NativeClass:/Script/Engine.SkeletalMeshActor Name:SkeletalMeshActor_UAID_B00CD162E1E7076002_1159973183 Label:Anim_Kick45 SpatiallyLoaded:1 Bounds:IsValid=true, Min=(X=3771.576 Y=5013.007 Z=-0.014), Max=(X=3824.746 Y=5107.277 Z=174.069) RuntimeGrid:None EditorOnly:0 RuntimeOnly:0 HLODRelevant:0
 |   |   |- [+] [ 90]
 |   |   |   |- Guid:B6AC1F77443AF9D6E3EF6EB37E278277 BaseClass: NativeClass:/Script/Engine.SkeletalMeshActor Name:SkeletalMeshActor_UAID_B00CD162E1E7076002_1163550184 Label:Anim_Kick46 SpatiallyLoaded:1 Bounds:IsValid=true, Min=(X=4175.466 Y=5013.012 Z=-0.005), Max=(X=4228.406 Y=5107.121 Z=174.047) RuntimeGrid:None EditorOnly:0 RuntimeOnly:0 HLODRelevant:0
 |   |   |- [+] [ 91]
 |   |   |   |- Guid:16DFD29049C611AF1077D49B606D4DE0 BaseClass: NativeClass:/Script/Engine.SkeletalMeshActor Name:SkeletalMeshActor_UAID_B00CD162E1E7076002_1165981185 Label:Anim_Kick47 SpatiallyLoaded:1 Bounds:IsValid=true, Min=(X=4571.521 Y=5013.032 Z=-0.005), Max=(X=4624.747 Y=5107.275 Z=174.069) RuntimeGrid:None EditorOnly:0 RuntimeOnly:0 HLODRelevant:0
 |   |   |- [+] [ 92]
 |   |   |   |- Guid:C14ED46946E82F61DE50089DF73F0BCD BaseClass: NativeClass:/Script/Engine.SkeletalMeshActor Name:SkeletalMeshActor_UAID_B00CD162E1E7076002_1168122186 Label:Anim_Kick48 SpatiallyLoaded:1 Bounds:IsValid=true, Min=(X=4995.450 Y=5013.005 Z=-0.008), Max=(X=5048.394 Y=5107.127 Z=174.048) RuntimeGrid:None EditorOnly:0 RuntimeOnly:0 HLODRelevant:0
 |- ContainerInstances:
 |- [+] MainContainer:
 |   |-        ID: 0x0000000000000000
 |   |-    Bounds: IsValid=false, Min=(X=0.000 Y=0.000 Z=0.000), Max=(X=0.000 Y=0.000 Z=0.000)
 |   |- Transform: 0.000000,0.000000,0.000000|0.000000,0.000000,-0.000000|1.000000,1.000000,1.000000
 |   |- Container: /Game/ElegantFighting/Maps/ThirdPersonMap
----------------------------------------------------------------------------------------------------------------
ThirdPersonMap - Persistent Level
----------------------------------------------------------------------------------------------------------------
Always loaded Actor Count: 148 

----------------------------------------------------------------------------------------------------------------
ThirdPersonMap - Runtime Spatial Hash - Streaming Grid - MainGrid
----------------------------------------------------------------------------------------------------------------
            Origin: X=0.000 Y=0.000 Z=0.000
         Cell Size: 12800
      World Bounds: IsValid=false, Min=(X=0.000 Y=0.000 Z=0.000), Max=(X=0.000 Y=0.000 Z=0.000)
     Loading Range: 25600.00
Block Slow Loading: No
 ClientOnlyVisible: No

[+] Grid Levels: 1
 |- Level  0: Cell Count    0 | Cell Size   12800 | Actor Count    0 (0.0%)

[+] Content of Grid Level 0

